Using pre-set license
Built from '2020.3/release' branch; Version is '2020.3.15f2 (6cf78cb77498) revision 7141260'; Using compiler version '192528614'; Build Type 'Release'
OS: 'Windows 10 Home; OS build 19043.1288; Version 2009; 64bit' Language: 'en' Physical Memory: 16303 MB
BatchMode: 1, IsHumanControllingUs: 0, StartBugReporterOnCrash: 0, Is64bit: 1, IsPro: 0

 COMMAND LINE ARGUMENTS:
C:\Program Files\Unity\Hub\Editor\2020.3.15f2\Editor\Unity.exe
-adb2
-batchMode
-noUpm
-name
AssetImportWorker0
-projectPath
C:/Users/Emanuel Tejada/Desktop/Programming/GAMEDEV/topDown2D
-logFile
Logs/AssetImportWorker0.log
-srvPort
54301
Successfully changed project path to: C:/Users/Emanuel Tejada/Desktop/Programming/GAMEDEV/topDown2D
C:/Users/Emanuel Tejada/Desktop/Programming/GAMEDEV/topDown2D
Using Asset Import Pipeline V2.
Refreshing native plugins compatible for Editor in 39.65 ms, found 3 plugins.
Preloading 0 native plugins for Editor in 0.00 ms.
Initialize engine version: 2020.3.15f2 (6cf78cb77498)
[Subsystems] Discovering subsystems at path C:/Program Files/Unity/Hub/Editor/2020.3.15f2/Editor/Data/Resources/UnitySubsystems
[Subsystems] Discovering subsystems at path C:/Users/Emanuel Tejada/Desktop/Programming/GAMEDEV/topDown2D/Assets
GfxDevice: creating device client; threaded=0
Direct3D:
    Version:  Direct3D 11.0 [level 11.1]
    Renderer: NVIDIA GeForce GTX 1660 Ti (ID=0x2191)
    Vendor:   
    VRAM:     5991 MB
    Driver:   27.21.14.5749
Initialize mono
Mono path[0] = 'C:/Program Files/Unity/Hub/Editor/2020.3.15f2/Editor/Data/Managed'
Mono path[1] = 'C:/Program Files/Unity/Hub/Editor/2020.3.15f2/Editor/Data/MonoBleedingEdge/lib/mono/unityjit'
Mono config path = 'C:/Program Files/Unity/Hub/Editor/2020.3.15f2/Editor/Data/MonoBleedingEdge/etc'
Using monoOptions --debugger-agent=transport=dt_socket,embedding=1,server=y,suspend=n,address=127.0.0.1:56972
Begin MonoManager ReloadAssembly
Registering precompiled unity dll's ...
Register platform support module: C:/Program Files/Unity/Hub/Editor/2020.3.15f2/Editor/Data/PlaybackEngines/WebGLSupport/UnityEditor.WebGL.Extensions.dll
Register platform support module: C:/Program Files/Unity/Hub/Editor/2020.3.15f2/Editor/Data/PlaybackEngines/WindowsStandaloneSupport/UnityEditor.WindowsStandalone.Extensions.dll
Registered in 0.002164 seconds.
Native extension for WindowsStandalone target not found
Native extension for WebGL target not found
Refreshing native plugins compatible for Editor in 39.78 ms, found 3 plugins.
Preloading 0 native plugins for Editor in 0.00 ms.
Mono: successfully reloaded assembly
- Completed reload, in  2.036 seconds
Domain Reload Profiling:
	ReloadAssembly (2036ms)
		BeginReloadAssembly (51ms)
			ExecutionOrderSort (0ms)
			DisableScriptedObjects (0ms)
			BackupInstance (0ms)
			ReleaseScriptingObjects (0ms)
			CreateAndSetChildDomain (1ms)
		EndReloadAssembly (399ms)
			LoadAssemblies (50ms)
			RebuildTransferFunctionScriptingTraits (0ms)
			SetupTypeCache (144ms)
			ReleaseScriptCaches (0ms)
			RebuildScriptCaches (32ms)
			SetupLoadedEditorAssemblies (159ms)
				LogAssemblyErrors (0ms)
				InitializePlatformSupportModulesInManaged (4ms)
				SetLoadedEditorAssemblies (0ms)
				RefreshPlugins (40ms)
				BeforeProcessingInitializeOnLoad (13ms)
				ProcessInitializeOnLoadAttributes (77ms)
				ProcessInitializeOnLoadMethodAttributes (25ms)
				AfterProcessingInitializeOnLoad (0ms)
				EditorAssembliesLoaded (0ms)
			ExecutionOrderSort2 (0ms)
			AwakeInstancesAfterBackupRestoration (0ms)
Platform modules already initialized, skipping
Registering precompiled user dll's ...
Registered in 0.004115 seconds.
Begin MonoManager ReloadAssembly
Native extension for WindowsStandalone target not found
Native extension for WebGL target not found
Refreshing native plugins compatible for Editor in 37.10 ms, found 3 plugins.
Preloading 0 native plugins for Editor in 0.00 ms.
Mono: successfully reloaded assembly
- Completed reload, in  1.106 seconds
Domain Reload Profiling:
	ReloadAssembly (1107ms)
		BeginReloadAssembly (131ms)
			ExecutionOrderSort (0ms)
			DisableScriptedObjects (4ms)
			BackupInstance (0ms)
			ReleaseScriptingObjects (0ms)
			CreateAndSetChildDomain (17ms)
		EndReloadAssembly (916ms)
			LoadAssemblies (83ms)
			RebuildTransferFunctionScriptingTraits (0ms)
			SetupTypeCache (269ms)
			ReleaseScriptCaches (0ms)
			RebuildScriptCaches (49ms)
			SetupLoadedEditorAssemblies (402ms)
				LogAssemblyErrors (0ms)
				InitializePlatformSupportModulesInManaged (4ms)
				SetLoadedEditorAssemblies (0ms)
				RefreshPlugins (37ms)
				BeforeProcessingInitializeOnLoad (87ms)
				ProcessInitializeOnLoadAttributes (257ms)
				ProcessInitializeOnLoadMethodAttributes (10ms)
				AfterProcessingInitializeOnLoad (6ms)
				EditorAssembliesLoaded (0ms)
			ExecutionOrderSort2 (0ms)
			AwakeInstancesAfterBackupRestoration (6ms)
Platform modules already initialized, skipping
========================================================================
Worker process is ready to serve import requests
Launched and connected shader compiler UnityShaderCompiler.exe after 0.07 seconds
Refreshing native plugins compatible for Editor in 0.45 ms, found 3 plugins.
Preloading 0 native plugins for Editor in 0.00 ms.
Unloading 2246 Unused Serialized files (Serialized files now loaded: 0)
System memory in use before: 98.0 MB.
System memory in use after: 98.1 MB.

Unloading 29 unused Assets to reduce memory usage. Loaded Objects now: 2684.
Total: 2.784400 ms (FindLiveObjects: 0.182400 ms CreateObjectMapping: 0.072800 ms MarkObjects: 2.475300 ms  DeleteObjects: 0.053000 ms)

AssetImportParameters requested are different than current active one (requested -> active):
  custom:framework-win-MediaFoundation: 216162199b28c13a410421893ffa2e32 -> 
  custom:video-decoder-ogg-theora: a1e56fd34408186e4bbccfd4996cb3dc -> 
  custom:container-muxer-webm: aa71ff27fc2769a1b78a27578f13a17b -> 
  custom:container-demuxer-webm: 4f35f7cbe854078d1ac9338744f61a02 -> 
  custom:container-demuxer-ogg: 62fdf1f143b41e24485cea50d1cbac27 -> 
  custom:video-encoder-webm-vp8: eb34c28f22e8b96e1ab97ce403110664 -> 
  custom:video-codec-MediaFoundation-h265: 746d11721c4dcdbdad8f713fa42b33f4 -> 
  custom:video-decoder-webm-vp8: 9c59270c3fd7afecdb556c50c9e8de78 -> 
  custom:audio-decoder-ogg-vorbis: bf7c407c2cedff20999df2af8eb42d56 -> 
  custom:audio-encoder-webm-vorbis: bf7c407c2cedff20999df2af8eb42d56 -> 
========================================================================
Received Import Request.
  path: Assets/Prefabs/weapon2.prefab
  artifactKey: Guid(85a37c3cebe50a743b4b2ee0694d7534) Importer(815301076,1909f56bfc062723c751e8b465ee728b)
Start importing Assets/Prefabs/weapon2.prefab using Guid(85a37c3cebe50a743b4b2ee0694d7534) Importer(815301076,1909f56bfc062723c751e8b465ee728b)  -> (artifact id: '699150971f634723fc0f91add110ea2e') in 0.125169 seconds 
  Import took 0.128984 seconds .

========================================================================
Received Import Request.
  Time since last request: 0.000339 seconds.
  path: Assets/Prefabs/projectile2.prefab
  artifactKey: Guid(3d30652b7aaefaa49827d88f1f486fdf) Importer(815301076,1909f56bfc062723c751e8b465ee728b)
Start importing Assets/Prefabs/projectile2.prefab using Guid(3d30652b7aaefaa49827d88f1f486fdf) Importer(815301076,1909f56bfc062723c751e8b465ee728b)  -> (artifact id: 'd63111484234a431d3cffb89d27ddc16') in 0.034488 seconds 
  Import took 0.038636 seconds .

========================================================================
Received Import Request.
  Time since last request: 17.411268 seconds.
  path: Assets/Prefabs/weapon2.prefab
  artifactKey: Guid(85a37c3cebe50a743b4b2ee0694d7534) Importer(815301076,1909f56bfc062723c751e8b465ee728b)
Start importing Assets/Prefabs/weapon2.prefab using Guid(85a37c3cebe50a743b4b2ee0694d7534) Importer(815301076,1909f56bfc062723c751e8b465ee728b)  -> (artifact id: '8ba00145a698344c5e2abe895919979d') in 0.025052 seconds 
  Import took 0.029614 seconds .

========================================================================
Received Import Request.
  Time since last request: 30.339930 seconds.
  path: Assets/Prefabs/Player.prefab
  artifactKey: Guid(2a9ef0be6fb7ab54fbeb62249b84ca0b) Importer(815301076,1909f56bfc062723c751e8b465ee728b)
Start importing Assets/Prefabs/Player.prefab using Guid(2a9ef0be6fb7ab54fbeb62249b84ca0b) Importer(815301076,1909f56bfc062723c751e8b465ee728b)  -> (artifact id: '441f0b3381adf30970028fab5ce9bb0e') in 0.026162 seconds 
  Import took 0.031225 seconds .

========================================================================
Received Import Request.
  Time since last request: 2.347722 seconds.
  path: Assets/Prefabs/Player.prefab
  artifactKey: Guid(2a9ef0be6fb7ab54fbeb62249b84ca0b) Importer(815301076,1909f56bfc062723c751e8b465ee728b)
Start importing Assets/Prefabs/Player.prefab using Guid(2a9ef0be6fb7ab54fbeb62249b84ca0b) Importer(815301076,1909f56bfc062723c751e8b465ee728b)  -> (artifact id: '0fab13558a178e5a04e7bf5b5622f37f') in 0.019766 seconds 
  Import took 0.023987 seconds .

========================================================================
Received Prepare
Registering precompiled user dll's ...
Registered in 0.003992 seconds.
Begin MonoManager ReloadAssembly
Native extension for WindowsStandalone target not found
Native extension for WebGL target not found
Refreshing native plugins compatible for Editor in 0.44 ms, found 3 plugins.
Preloading 0 native plugins for Editor in 0.00 ms.
Mono: successfully reloaded assembly
- Completed reload, in  1.030 seconds
Domain Reload Profiling:
	ReloadAssembly (1030ms)
		BeginReloadAssembly (102ms)
			ExecutionOrderSort (0ms)
			DisableScriptedObjects (6ms)
			BackupInstance (0ms)
			ReleaseScriptingObjects (0ms)
			CreateAndSetChildDomain (33ms)
		EndReloadAssembly (872ms)
			LoadAssemblies (81ms)
			RebuildTransferFunctionScriptingTraits (0ms)
			SetupTypeCache (272ms)
			ReleaseScriptCaches (1ms)
			RebuildScriptCaches (42ms)
			SetupLoadedEditorAssemblies (363ms)
				LogAssemblyErrors (0ms)
				InitializePlatformSupportModulesInManaged (6ms)
				SetLoadedEditorAssemblies (0ms)
				RefreshPlugins (0ms)
				BeforeProcessingInitializeOnLoad (89ms)
				ProcessInitializeOnLoadAttributes (256ms)
				ProcessInitializeOnLoadMethodAttributes (5ms)
				AfterProcessingInitializeOnLoad (6ms)
				EditorAssembliesLoaded (0ms)
			ExecutionOrderSort2 (0ms)
			AwakeInstancesAfterBackupRestoration (10ms)
Platform modules already initialized, skipping
Refreshing native plugins compatible for Editor in 0.41 ms, found 3 plugins.
Preloading 0 native plugins for Editor in 0.00 ms.
Unloading 2234 Unused Serialized files (Serialized files now loaded: 0)
System memory in use before: 100.4 MB.
System memory in use after: 100.6 MB.

Unloading 17 unused Assets to reduce memory usage. Loaded Objects now: 2695.
Total: 2.670500 ms (FindLiveObjects: 0.181700 ms CreateObjectMapping: 0.063400 ms MarkObjects: 2.409900 ms  DeleteObjects: 0.014900 ms)

AssetImportParameters requested are different than current active one (requested -> active):
  custom:framework-win-MediaFoundation: 216162199b28c13a410421893ffa2e32 -> 
  custom:video-decoder-ogg-theora: a1e56fd34408186e4bbccfd4996cb3dc -> 
  custom:container-muxer-webm: aa71ff27fc2769a1b78a27578f13a17b -> 
  custom:container-demuxer-webm: 4f35f7cbe854078d1ac9338744f61a02 -> 
  custom:container-demuxer-ogg: 62fdf1f143b41e24485cea50d1cbac27 -> 
  custom:video-encoder-webm-vp8: eb34c28f22e8b96e1ab97ce403110664 -> 
  custom:video-codec-MediaFoundation-h265: 746d11721c4dcdbdad8f713fa42b33f4 -> 
  custom:video-decoder-webm-vp8: 9c59270c3fd7afecdb556c50c9e8de78 -> 
  custom:audio-decoder-ogg-vorbis: bf7c407c2cedff20999df2af8eb42d56 -> 
  custom:audio-encoder-webm-vorbis: bf7c407c2cedff20999df2af8eb42d56 -> 
========================================================================
Received Import Request.
  Time since last request: 71.932118 seconds.
  path: Assets/Prefabs/projectile2.prefab
  artifactKey: Guid(3d30652b7aaefaa49827d88f1f486fdf) Importer(815301076,1909f56bfc062723c751e8b465ee728b)
Start importing Assets/Prefabs/projectile2.prefab using Guid(3d30652b7aaefaa49827d88f1f486fdf) Importer(815301076,1909f56bfc062723c751e8b465ee728b)  -> (artifact id: '6eb4ee44574ee73799359d9572f1b762') in 0.067580 seconds 
  Import took 0.071534 seconds .

========================================================================
Received Import Request.
  Time since last request: 3.409660 seconds.
  path: Assets/Prefabs/projectile2.prefab
  artifactKey: Guid(3d30652b7aaefaa49827d88f1f486fdf) Importer(815301076,1909f56bfc062723c751e8b465ee728b)
Start importing Assets/Prefabs/projectile2.prefab using Guid(3d30652b7aaefaa49827d88f1f486fdf) Importer(815301076,1909f56bfc062723c751e8b465ee728b)  -> (artifact id: '734c75c87b95d323967ae1eba2edfe99') in 0.021117 seconds 
  Import took 0.025111 seconds .

========================================================================
Received Import Request.
  Time since last request: 6.220674 seconds.
  path: Assets/Prefabs/projectile2.prefab
  artifactKey: Guid(3d30652b7aaefaa49827d88f1f486fdf) Importer(815301076,1909f56bfc062723c751e8b465ee728b)
Start importing Assets/Prefabs/projectile2.prefab using Guid(3d30652b7aaefaa49827d88f1f486fdf) Importer(815301076,1909f56bfc062723c751e8b465ee728b)  -> (artifact id: '3e52b6f6b736b31f4dac07aef6bd4deb') in 0.021857 seconds 
  Import took 0.026324 seconds .

========================================================================
Received Import Request.
  Time since last request: 0.001046 seconds.
  path: Assets/Prefabs/projectile2.prefab
  artifactKey: Guid(3d30652b7aaefaa49827d88f1f486fdf) Importer(815301076,1909f56bfc062723c751e8b465ee728b)
Start importing Assets/Prefabs/projectile2.prefab using Guid(3d30652b7aaefaa49827d88f1f486fdf) Importer(815301076,1909f56bfc062723c751e8b465ee728b)  -> (artifact id: '3e52b6f6b736b31f4dac07aef6bd4deb') in 0.022086 seconds 
  Import took 0.026853 seconds .

========================================================================
Received Import Request.
  Time since last request: 1.648478 seconds.
  path: Assets/Prefabs/projectile2.prefab
  artifactKey: Guid(3d30652b7aaefaa49827d88f1f486fdf) Importer(815301076,1909f56bfc062723c751e8b465ee728b)
Start importing Assets/Prefabs/projectile2.prefab using Guid(3d30652b7aaefaa49827d88f1f486fdf) Importer(815301076,1909f56bfc062723c751e8b465ee728b)  -> (artifact id: 'f9b3c4af083cdc0bc9c5936eb9fb22fe') in 0.020643 seconds 
  Import took 0.025274 seconds .

========================================================================
Received Import Request.
  Time since last request: 4.453003 seconds.
  path: Assets/Prefabs/projectile2.prefab
  artifactKey: Guid(3d30652b7aaefaa49827d88f1f486fdf) Importer(815301076,1909f56bfc062723c751e8b465ee728b)
Start importing Assets/Prefabs/projectile2.prefab using Guid(3d30652b7aaefaa49827d88f1f486fdf) Importer(815301076,1909f56bfc062723c751e8b465ee728b)  -> (artifact id: '47697b16530588e82a550f0ec4d7147c') in 0.021358 seconds 
  Import took 0.026842 seconds .

========================================================================
Received Prepare
Registering precompiled user dll's ...
Registered in 0.004140 seconds.
Begin MonoManager ReloadAssembly
Native extension for WindowsStandalone target not found
Native extension for WebGL target not found
Refreshing native plugins compatible for Editor in 0.46 ms, found 3 plugins.
Preloading 0 native plugins for Editor in 0.00 ms.
Mono: successfully reloaded assembly
- Completed reload, in  1.038 seconds
Domain Reload Profiling:
	ReloadAssembly (1038ms)
		BeginReloadAssembly (100ms)
			ExecutionOrderSort (0ms)
			DisableScriptedObjects (6ms)
			BackupInstance (0ms)
			ReleaseScriptingObjects (0ms)
			CreateAndSetChildDomain (34ms)
		EndReloadAssembly (881ms)
			LoadAssemblies (81ms)
			RebuildTransferFunctionScriptingTraits (0ms)
			SetupTypeCache (276ms)
			ReleaseScriptCaches (1ms)
			RebuildScriptCaches (47ms)
			SetupLoadedEditorAssemblies (367ms)
				LogAssemblyErrors (0ms)
				InitializePlatformSupportModulesInManaged (5ms)
				SetLoadedEditorAssemblies (0ms)
				RefreshPlugins (1ms)
				BeforeProcessingInitializeOnLoad (86ms)
				ProcessInitializeOnLoadAttributes (264ms)
				ProcessInitializeOnLoadMethodAttributes (5ms)
				AfterProcessingInitializeOnLoad (6ms)
				EditorAssembliesLoaded (0ms)
			ExecutionOrderSort2 (0ms)
			AwakeInstancesAfterBackupRestoration (9ms)
Platform modules already initialized, skipping
Refreshing native plugins compatible for Editor in 0.43 ms, found 3 plugins.
Preloading 0 native plugins for Editor in 0.00 ms.
Unloading 2234 Unused Serialized files (Serialized files now loaded: 0)
System memory in use before: 100.5 MB.
System memory in use after: 100.6 MB.

Unloading 17 unused Assets to reduce memory usage. Loaded Objects now: 2700.
Total: 2.217800 ms (FindLiveObjects: 0.187700 ms CreateObjectMapping: 0.076300 ms MarkObjects: 1.939200 ms  DeleteObjects: 0.013700 ms)

AssetImportParameters requested are different than current active one (requested -> active):
  custom:framework-win-MediaFoundation: 216162199b28c13a410421893ffa2e32 -> 
  custom:video-decoder-ogg-theora: a1e56fd34408186e4bbccfd4996cb3dc -> 
  custom:container-muxer-webm: aa71ff27fc2769a1b78a27578f13a17b -> 
  custom:container-demuxer-webm: 4f35f7cbe854078d1ac9338744f61a02 -> 
  custom:container-demuxer-ogg: 62fdf1f143b41e24485cea50d1cbac27 -> 
  custom:video-encoder-webm-vp8: eb34c28f22e8b96e1ab97ce403110664 -> 
  custom:video-codec-MediaFoundation-h265: 746d11721c4dcdbdad8f713fa42b33f4 -> 
  custom:video-decoder-webm-vp8: 9c59270c3fd7afecdb556c50c9e8de78 -> 
  custom:audio-decoder-ogg-vorbis: bf7c407c2cedff20999df2af8eb42d56 -> 
  custom:audio-encoder-webm-vorbis: bf7c407c2cedff20999df2af8eb42d56 -> 
========================================================================
Received Import Request.
  Time since last request: 41.919924 seconds.
  path: Assets/Prefabs/projectile2.prefab
  artifactKey: Guid(3d30652b7aaefaa49827d88f1f486fdf) Importer(815301076,1909f56bfc062723c751e8b465ee728b)
Start importing Assets/Prefabs/projectile2.prefab using Guid(3d30652b7aaefaa49827d88f1f486fdf) Importer(815301076,1909f56bfc062723c751e8b465ee728b)  -> (artifact id: 'a29d1fc835969de1e9b4b0bb33e79c8f') in 0.056351 seconds 
  Import took 0.060421 seconds .

========================================================================
Received Import Request.
  Time since last request: 10.761994 seconds.
  path: Assets/Prefabs/projectile2.prefab
  artifactKey: Guid(3d30652b7aaefaa49827d88f1f486fdf) Importer(815301076,1909f56bfc062723c751e8b465ee728b)
Start importing Assets/Prefabs/projectile2.prefab using Guid(3d30652b7aaefaa49827d88f1f486fdf) Importer(815301076,1909f56bfc062723c751e8b465ee728b)  -> (artifact id: '645e107540c08ab7a70a8356e6b600a4') in 0.029684 seconds 
  Import took 0.033711 seconds .

========================================================================
Received Prepare
Registering precompiled user dll's ...
Registered in 0.003903 seconds.
Begin MonoManager ReloadAssembly
Native extension for WindowsStandalone target not found
Native extension for WebGL target not found
Refreshing native plugins compatible for Editor in 0.55 ms, found 3 plugins.
Preloading 0 native plugins for Editor in 0.00 ms.
Mono: successfully reloaded assembly
- Completed reload, in  1.018 seconds
Domain Reload Profiling:
	ReloadAssembly (1018ms)
		BeginReloadAssembly (102ms)
			ExecutionOrderSort (0ms)
			DisableScriptedObjects (6ms)
			BackupInstance (0ms)
			ReleaseScriptingObjects (0ms)
			CreateAndSetChildDomain (34ms)
		EndReloadAssembly (854ms)
			LoadAssemblies (83ms)
			RebuildTransferFunctionScriptingTraits (0ms)
			SetupTypeCache (261ms)
			ReleaseScriptCaches (1ms)
			RebuildScriptCaches (42ms)
			SetupLoadedEditorAssemblies (370ms)
				LogAssemblyErrors (0ms)
				InitializePlatformSupportModulesInManaged (7ms)
				SetLoadedEditorAssemblies (1ms)
				RefreshPlugins (1ms)
				BeforeProcessingInitializeOnLoad (99ms)
				ProcessInitializeOnLoadAttributes (252ms)
				ProcessInitializeOnLoadMethodAttributes (5ms)
				AfterProcessingInitializeOnLoad (6ms)
				EditorAssembliesLoaded (0ms)
			ExecutionOrderSort2 (0ms)
			AwakeInstancesAfterBackupRestoration (9ms)
Platform modules already initialized, skipping
Refreshing native plugins compatible for Editor in 0.45 ms, found 3 plugins.
Preloading 0 native plugins for Editor in 0.00 ms.
Unloading 2234 Unused Serialized files (Serialized files now loaded: 0)
System memory in use before: 100.6 MB.
System memory in use after: 100.8 MB.

Unloading 17 unused Assets to reduce memory usage. Loaded Objects now: 2705.
Total: 2.273100 ms (FindLiveObjects: 0.168000 ms CreateObjectMapping: 0.078800 ms MarkObjects: 2.011100 ms  DeleteObjects: 0.014300 ms)

AssetImportParameters requested are different than current active one (requested -> active):
  custom:framework-win-MediaFoundation: 216162199b28c13a410421893ffa2e32 -> 
  custom:video-decoder-ogg-theora: a1e56fd34408186e4bbccfd4996cb3dc -> 
  custom:container-muxer-webm: aa71ff27fc2769a1b78a27578f13a17b -> 
  custom:container-demuxer-webm: 4f35f7cbe854078d1ac9338744f61a02 -> 
  custom:container-demuxer-ogg: 62fdf1f143b41e24485cea50d1cbac27 -> 
  custom:video-encoder-webm-vp8: eb34c28f22e8b96e1ab97ce403110664 -> 
  custom:video-codec-MediaFoundation-h265: 746d11721c4dcdbdad8f713fa42b33f4 -> 
  custom:video-decoder-webm-vp8: 9c59270c3fd7afecdb556c50c9e8de78 -> 
  custom:audio-decoder-ogg-vorbis: bf7c407c2cedff20999df2af8eb42d56 -> 
  custom:audio-encoder-webm-vorbis: bf7c407c2cedff20999df2af8eb42d56 -> 
========================================================================
Received Prepare
Registering precompiled user dll's ...
Registered in 0.003828 seconds.
Begin MonoManager ReloadAssembly
Native extension for WindowsStandalone target not found
Native extension for WebGL target not found
Refreshing native plugins compatible for Editor in 0.44 ms, found 3 plugins.
Preloading 0 native plugins for Editor in 0.00 ms.
Mono: successfully reloaded assembly
- Completed reload, in  1.045 seconds
Domain Reload Profiling:
	ReloadAssembly (1045ms)
		BeginReloadAssembly (95ms)
			ExecutionOrderSort (0ms)
			DisableScriptedObjects (5ms)
			BackupInstance (0ms)
			ReleaseScriptingObjects (0ms)
			CreateAndSetChildDomain (31ms)
		EndReloadAssembly (892ms)
			LoadAssemblies (84ms)
			RebuildTransferFunctionScriptingTraits (0ms)
			SetupTypeCache (266ms)
			ReleaseScriptCaches (1ms)
			RebuildScriptCaches (54ms)
			SetupLoadedEditorAssemblies (383ms)
				LogAssemblyErrors (0ms)
				InitializePlatformSupportModulesInManaged (6ms)
				SetLoadedEditorAssemblies (0ms)
				RefreshPlugins (0ms)
				BeforeProcessingInitializeOnLoad (95ms)
				ProcessInitializeOnLoadAttributes (270ms)
				ProcessInitializeOnLoadMethodAttributes (5ms)
				AfterProcessingInitializeOnLoad (6ms)
				EditorAssembliesLoaded (0ms)
			ExecutionOrderSort2 (0ms)
			AwakeInstancesAfterBackupRestoration (9ms)
Platform modules already initialized, skipping
Refreshing native plugins compatible for Editor in 0.44 ms, found 3 plugins.
Preloading 0 native plugins for Editor in 0.00 ms.
Unloading 2234 Unused Serialized files (Serialized files now loaded: 0)
System memory in use before: 100.7 MB.
System memory in use after: 100.8 MB.

Unloading 17 unused Assets to reduce memory usage. Loaded Objects now: 2709.
Total: 2.733900 ms (FindLiveObjects: 0.191600 ms CreateObjectMapping: 0.063700 ms MarkObjects: 2.463700 ms  DeleteObjects: 0.014000 ms)

AssetImportParameters requested are different than current active one (requested -> active):
  custom:framework-win-MediaFoundation: 216162199b28c13a410421893ffa2e32 -> 
  custom:video-decoder-ogg-theora: a1e56fd34408186e4bbccfd4996cb3dc -> 
  custom:container-muxer-webm: aa71ff27fc2769a1b78a27578f13a17b -> 
  custom:container-demuxer-webm: 4f35f7cbe854078d1ac9338744f61a02 -> 
  custom:container-demuxer-ogg: 62fdf1f143b41e24485cea50d1cbac27 -> 
  custom:video-encoder-webm-vp8: eb34c28f22e8b96e1ab97ce403110664 -> 
  custom:video-codec-MediaFoundation-h265: 746d11721c4dcdbdad8f713fa42b33f4 -> 
  custom:video-decoder-webm-vp8: 9c59270c3fd7afecdb556c50c9e8de78 -> 
  custom:audio-decoder-ogg-vorbis: bf7c407c2cedff20999df2af8eb42d56 -> 
  custom:audio-encoder-webm-vorbis: bf7c407c2cedff20999df2af8eb42d56 -> 
========================================================================
Received Import Request.
  Time since last request: 210.583504 seconds.
  path: Assets/Prefabs/weapon2.prefab
  artifactKey: Guid(85a37c3cebe50a743b4b2ee0694d7534) Importer(815301076,1909f56bfc062723c751e8b465ee728b)
Start importing Assets/Prefabs/weapon2.prefab using Guid(85a37c3cebe50a743b4b2ee0694d7534) Importer(815301076,1909f56bfc062723c751e8b465ee728b)  -> (artifact id: '64aaae20d23f2bcfd0374c7c1675280e') in 0.061484 seconds 
  Import took 0.065672 seconds .

========================================================================
Received Import Request.
  Time since last request: 191.511579 seconds.
  path: Assets/Prefabs/weapons3.prefab
  artifactKey: Guid(0282487d63e33d241983ef27a7e201ed) Importer(815301076,1909f56bfc062723c751e8b465ee728b)
Start importing Assets/Prefabs/weapons3.prefab using Guid(0282487d63e33d241983ef27a7e201ed) Importer(815301076,1909f56bfc062723c751e8b465ee728b)  -> (artifact id: '3815c5e4927bdd92788a5e659c040453') in 0.023461 seconds 
  Import took 0.028414 seconds .

========================================================================
Received Import Request.
  Time since last request: 0.009867 seconds.
  path: Assets/Prefabs/weapons3.prefab
  artifactKey: Guid(0282487d63e33d241983ef27a7e201ed) Importer(815301076,1909f56bfc062723c751e8b465ee728b)
Start importing Assets/Prefabs/weapons3.prefab using Guid(0282487d63e33d241983ef27a7e201ed) Importer(815301076,1909f56bfc062723c751e8b465ee728b)  -> (artifact id: '3815c5e4927bdd92788a5e659c040453') in 0.034107 seconds 
  Import took 0.037819 seconds .

========================================================================
Received Import Request.
  Time since last request: 1.822799 seconds.
  path: Assets/Prefabs/projectile3.prefab
  artifactKey: Guid(731547b15a397d647946ab3f39101645) Importer(815301076,1909f56bfc062723c751e8b465ee728b)
Start importing Assets/Prefabs/projectile3.prefab using Guid(731547b15a397d647946ab3f39101645) Importer(815301076,1909f56bfc062723c751e8b465ee728b)  -> (artifact id: 'b7b4fb729868dbcf069e5d88621a7b7c') in 0.022278 seconds 
  Import took 0.027491 seconds .

========================================================================
Received Import Request.
  Time since last request: 13.814103 seconds.
  path: Assets/Prefabs/weapons3.prefab
  artifactKey: Guid(0282487d63e33d241983ef27a7e201ed) Importer(815301076,1909f56bfc062723c751e8b465ee728b)
Start importing Assets/Prefabs/weapons3.prefab using Guid(0282487d63e33d241983ef27a7e201ed) Importer(815301076,1909f56bfc062723c751e8b465ee728b)  -> (artifact id: '80a42cb193f23b47ea441967c53c349a') in 0.022287 seconds 
  Import took 0.028031 seconds .

========================================================================
Received Import Request.
  Time since last request: 0.000743 seconds.
  path: Assets/Prefabs/weapons3.prefab
  artifactKey: Guid(0282487d63e33d241983ef27a7e201ed) Importer(815301076,1909f56bfc062723c751e8b465ee728b)
Start importing Assets/Prefabs/weapons3.prefab using Guid(0282487d63e33d241983ef27a7e201ed) Importer(815301076,1909f56bfc062723c751e8b465ee728b)  -> (artifact id: '80a42cb193f23b47ea441967c53c349a') in 0.017339 seconds 
  Import took 0.020972 seconds .

========================================================================
Received Import Request.
  Time since last request: 35.290323 seconds.
  path: Assets/Prefabs/projectile3.prefab
  artifactKey: Guid(731547b15a397d647946ab3f39101645) Importer(815301076,1909f56bfc062723c751e8b465ee728b)
Start importing Assets/Prefabs/projectile3.prefab using Guid(731547b15a397d647946ab3f39101645) Importer(815301076,1909f56bfc062723c751e8b465ee728b)  -> (artifact id: 'ce0de0b4fd748b311ae3264c91d78ee0') in 0.031225 seconds 
  Import took 0.035327 seconds .

========================================================================
Received Import Request.
  Time since last request: 3.973886 seconds.
  path: Assets/Prefabs/weapons3.prefab
  artifactKey: Guid(0282487d63e33d241983ef27a7e201ed) Importer(815301076,1909f56bfc062723c751e8b465ee728b)
Start importing Assets/Prefabs/weapons3.prefab using Guid(0282487d63e33d241983ef27a7e201ed) Importer(815301076,1909f56bfc062723c751e8b465ee728b)  -> (artifact id: '04dce7c4d05b8cb66250aa6c2b1f2e64') in 0.022773 seconds 
  Import took 0.027373 seconds .

========================================================================
Received Import Request.
  Time since last request: 3.606302 seconds.
  path: Assets/Prefabs/weapon2.prefab
  artifactKey: Guid(85a37c3cebe50a743b4b2ee0694d7534) Importer(815301076,1909f56bfc062723c751e8b465ee728b)
Start importing Assets/Prefabs/weapon2.prefab using Guid(85a37c3cebe50a743b4b2ee0694d7534) Importer(815301076,1909f56bfc062723c751e8b465ee728b)  -> (artifact id: '69081f04b5ae4f7e445d0926a6888bc8') in 0.026285 seconds 
  Import took 0.031139 seconds .

========================================================================
Received Import Request.
  Time since last request: 3.358033 seconds.
  path: Assets/Prefabs/projectile2.prefab
  artifactKey: Guid(3d30652b7aaefaa49827d88f1f486fdf) Importer(815301076,1909f56bfc062723c751e8b465ee728b)
Start importing Assets/Prefabs/projectile2.prefab using Guid(3d30652b7aaefaa49827d88f1f486fdf) Importer(815301076,1909f56bfc062723c751e8b465ee728b)  -> (artifact id: '0c485ddae32b892492263f90d6eee195') in 0.024015 seconds 
  Import took 0.029751 seconds .

========================================================================
Received Prepare
Registering precompiled user dll's ...
Registered in 0.004196 seconds.
Begin MonoManager ReloadAssembly
Native extension for WindowsStandalone target not found
Native extension for WebGL target not found
Refreshing native plugins compatible for Editor in 0.42 ms, found 3 plugins.
Preloading 0 native plugins for Editor in 0.00 ms.
Mono: successfully reloaded assembly
- Completed reload, in  0.992 seconds
Domain Reload Profiling:
	ReloadAssembly (992ms)
		BeginReloadAssembly (97ms)
			ExecutionOrderSort (0ms)
			DisableScriptedObjects (5ms)
			BackupInstance (0ms)
			ReleaseScriptingObjects (0ms)
			CreateAndSetChildDomain (32ms)
		EndReloadAssembly (837ms)
			LoadAssemblies (80ms)
			RebuildTransferFunctionScriptingTraits (0ms)
			SetupTypeCache (250ms)
			ReleaseScriptCaches (1ms)
			RebuildScriptCaches (45ms)
			SetupLoadedEditorAssemblies (358ms)
				LogAssemblyErrors (0ms)
				InitializePlatformSupportModulesInManaged (6ms)
				SetLoadedEditorAssemblies (0ms)
				RefreshPlugins (0ms)
				BeforeProcessingInitializeOnLoad (89ms)
				ProcessInitializeOnLoadAttributes (252ms)
				ProcessInitializeOnLoadMethodAttributes (4ms)
				AfterProcessingInitializeOnLoad (6ms)
				EditorAssembliesLoaded (0ms)
			ExecutionOrderSort2 (0ms)
			AwakeInstancesAfterBackupRestoration (9ms)
Platform modules already initialized, skipping
Refreshing native plugins compatible for Editor in 0.46 ms, found 3 plugins.
Preloading 0 native plugins for Editor in 0.00 ms.
Unloading 2234 Unused Serialized files (Serialized files now loaded: 0)
System memory in use before: 100.7 MB.
System memory in use after: 100.8 MB.

Unloading 17 unused Assets to reduce memory usage. Loaded Objects now: 2714.
Total: 2.495800 ms (FindLiveObjects: 0.173700 ms CreateObjectMapping: 0.074400 ms MarkObjects: 2.233800 ms  DeleteObjects: 0.013200 ms)

AssetImportParameters requested are different than current active one (requested -> active):
  custom:framework-win-MediaFoundation: 216162199b28c13a410421893ffa2e32 -> 
  custom:video-decoder-ogg-theora: a1e56fd34408186e4bbccfd4996cb3dc -> 
  custom:container-muxer-webm: aa71ff27fc2769a1b78a27578f13a17b -> 
  custom:container-demuxer-webm: 4f35f7cbe854078d1ac9338744f61a02 -> 
  custom:container-demuxer-ogg: 62fdf1f143b41e24485cea50d1cbac27 -> 
  custom:video-encoder-webm-vp8: eb34c28f22e8b96e1ab97ce403110664 -> 
  custom:video-codec-MediaFoundation-h265: 746d11721c4dcdbdad8f713fa42b33f4 -> 
  custom:video-decoder-webm-vp8: 9c59270c3fd7afecdb556c50c9e8de78 -> 
  custom:audio-decoder-ogg-vorbis: bf7c407c2cedff20999df2af8eb42d56 -> 
  custom:audio-encoder-webm-vorbis: bf7c407c2cedff20999df2af8eb42d56 -> 
========================================================================
Received Import Request.
  Time since last request: 39.962192 seconds.
  path: Assets/Prefabs/projectile3.prefab
  artifactKey: Guid(731547b15a397d647946ab3f39101645) Importer(815301076,1909f56bfc062723c751e8b465ee728b)
Start importing Assets/Prefabs/projectile3.prefab using Guid(731547b15a397d647946ab3f39101645) Importer(815301076,1909f56bfc062723c751e8b465ee728b)  -> (artifact id: 'd625ecffd09f3a4a4a3b47915f8841ec') in 0.063431 seconds 
  Import took 0.066935 seconds .

========================================================================
Received Prepare
Registering precompiled user dll's ...
Registered in 0.003536 seconds.
Begin MonoManager ReloadAssembly
Native extension for WindowsStandalone target not found
Native extension for WebGL target not found
Refreshing native plugins compatible for Editor in 0.97 ms, found 3 plugins.
Preloading 0 native plugins for Editor in 0.00 ms.
Mono: successfully reloaded assembly
- Completed reload, in  0.996 seconds
Domain Reload Profiling:
	ReloadAssembly (996ms)
		BeginReloadAssembly (98ms)
			ExecutionOrderSort (0ms)
			DisableScriptedObjects (6ms)
			BackupInstance (0ms)
			ReleaseScriptingObjects (0ms)
			CreateAndSetChildDomain (32ms)
		EndReloadAssembly (839ms)
			LoadAssemblies (81ms)
			RebuildTransferFunctionScriptingTraits (0ms)
			SetupTypeCache (254ms)
			ReleaseScriptCaches (1ms)
			RebuildScriptCaches (44ms)
			SetupLoadedEditorAssemblies (364ms)
				LogAssemblyErrors (0ms)
				InitializePlatformSupportModulesInManaged (7ms)
				SetLoadedEditorAssemblies (1ms)
				RefreshPlugins (1ms)
				BeforeProcessingInitializeOnLoad (94ms)
				ProcessInitializeOnLoadAttributes (250ms)
				ProcessInitializeOnLoadMethodAttributes (5ms)
				AfterProcessingInitializeOnLoad (6ms)
				EditorAssembliesLoaded (0ms)
			ExecutionOrderSort2 (0ms)
			AwakeInstancesAfterBackupRestoration (9ms)
Platform modules already initialized, skipping
Refreshing native plugins compatible for Editor in 0.46 ms, found 3 plugins.
Preloading 0 native plugins for Editor in 0.00 ms.
Unloading 2234 Unused Serialized files (Serialized files now loaded: 0)
System memory in use before: 100.8 MB.
System memory in use after: 101.0 MB.

Unloading 17 unused Assets to reduce memory usage. Loaded Objects now: 2719.
Total: 2.568200 ms (FindLiveObjects: 0.187700 ms CreateObjectMapping: 0.092900 ms MarkObjects: 2.271900 ms  DeleteObjects: 0.014800 ms)

AssetImportParameters requested are different than current active one (requested -> active):
  custom:framework-win-MediaFoundation: 216162199b28c13a410421893ffa2e32 -> 
  custom:video-decoder-ogg-theora: a1e56fd34408186e4bbccfd4996cb3dc -> 
  custom:container-muxer-webm: aa71ff27fc2769a1b78a27578f13a17b -> 
  custom:container-demuxer-webm: 4f35f7cbe854078d1ac9338744f61a02 -> 
  custom:container-demuxer-ogg: 62fdf1f143b41e24485cea50d1cbac27 -> 
  custom:video-encoder-webm-vp8: eb34c28f22e8b96e1ab97ce403110664 -> 
  custom:video-codec-MediaFoundation-h265: 746d11721c4dcdbdad8f713fa42b33f4 -> 
  custom:video-decoder-webm-vp8: 9c59270c3fd7afecdb556c50c9e8de78 -> 
  custom:audio-decoder-ogg-vorbis: bf7c407c2cedff20999df2af8eb42d56 -> 
  custom:audio-encoder-webm-vorbis: bf7c407c2cedff20999df2af8eb42d56 -> 
========================================================================
Received Prepare
Registering precompiled user dll's ...
Registered in 0.004549 seconds.
Begin MonoManager ReloadAssembly
Native extension for WindowsStandalone target not found
Native extension for WebGL target not found
Refreshing native plugins compatible for Editor in 0.43 ms, found 3 plugins.
Preloading 0 native plugins for Editor in 0.00 ms.
Mono: successfully reloaded assembly
- Completed reload, in  1.040 seconds
Domain Reload Profiling:
	ReloadAssembly (1040ms)
		BeginReloadAssembly (104ms)
			ExecutionOrderSort (0ms)
			DisableScriptedObjects (6ms)
			BackupInstance (0ms)
			ReleaseScriptingObjects (0ms)
			CreateAndSetChildDomain (32ms)
		EndReloadAssembly (877ms)
			LoadAssemblies (84ms)
			RebuildTransferFunctionScriptingTraits (0ms)
			SetupTypeCache (271ms)
			ReleaseScriptCaches (1ms)
			RebuildScriptCaches (42ms)
			SetupLoadedEditorAssemblies (381ms)
				LogAssemblyErrors (0ms)
				InitializePlatformSupportModulesInManaged (5ms)
				SetLoadedEditorAssemblies (0ms)
				RefreshPlugins (0ms)
				BeforeProcessingInitializeOnLoad (101ms)
				ProcessInitializeOnLoadAttributes (263ms)
				ProcessInitializeOnLoadMethodAttributes (5ms)
				AfterProcessingInitializeOnLoad (6ms)
				EditorAssembliesLoaded (0ms)
			ExecutionOrderSort2 (0ms)
			AwakeInstancesAfterBackupRestoration (10ms)
Platform modules already initialized, skipping
Refreshing native plugins compatible for Editor in 0.43 ms, found 3 plugins.
Preloading 0 native plugins for Editor in 0.00 ms.
Unloading 2235 Unused Serialized files (Serialized files now loaded: 0)
System memory in use before: 100.9 MB.
System memory in use after: 101.1 MB.

Unloading 17 unused Assets to reduce memory usage. Loaded Objects now: 2724.
Total: 3.077400 ms (FindLiveObjects: 0.204800 ms CreateObjectMapping: 0.081500 ms MarkObjects: 2.760600 ms  DeleteObjects: 0.029500 ms)

AssetImportParameters requested are different than current active one (requested -> active):
  custom:framework-win-MediaFoundation: 216162199b28c13a410421893ffa2e32 -> 
  custom:video-decoder-ogg-theora: a1e56fd34408186e4bbccfd4996cb3dc -> 
  custom:container-muxer-webm: aa71ff27fc2769a1b78a27578f13a17b -> 
  custom:container-demuxer-webm: 4f35f7cbe854078d1ac9338744f61a02 -> 
  custom:container-demuxer-ogg: 62fdf1f143b41e24485cea50d1cbac27 -> 
  custom:video-encoder-webm-vp8: eb34c28f22e8b96e1ab97ce403110664 -> 
  custom:video-codec-MediaFoundation-h265: 746d11721c4dcdbdad8f713fa42b33f4 -> 
  custom:video-decoder-webm-vp8: 9c59270c3fd7afecdb556c50c9e8de78 -> 
  custom:audio-decoder-ogg-vorbis: bf7c407c2cedff20999df2af8eb42d56 -> 
  custom:audio-encoder-webm-vorbis: bf7c407c2cedff20999df2af8eb42d56 -> 
========================================================================
Received Prepare
Registering precompiled user dll's ...
Registered in 0.004015 seconds.
Begin MonoManager ReloadAssembly
Native extension for WindowsStandalone target not found
Native extension for WebGL target not found
Refreshing native plugins compatible for Editor in 0.42 ms, found 3 plugins.
Preloading 0 native plugins for Editor in 0.00 ms.
Mono: successfully reloaded assembly
- Completed reload, in  1.019 seconds
Domain Reload Profiling:
	ReloadAssembly (1019ms)
		BeginReloadAssembly (106ms)
			ExecutionOrderSort (0ms)
			DisableScriptedObjects (6ms)
			BackupInstance (0ms)
			ReleaseScriptingObjects (0ms)
			CreateAndSetChildDomain (34ms)
		EndReloadAssembly (852ms)
			LoadAssemblies (93ms)
			RebuildTransferFunctionScriptingTraits (0ms)
			SetupTypeCache (267ms)
			ReleaseScriptCaches (1ms)
			RebuildScriptCaches (43ms)
			SetupLoadedEditorAssemblies (357ms)
				LogAssemblyErrors (0ms)
				InitializePlatformSupportModulesInManaged (6ms)
				SetLoadedEditorAssemblies (0ms)
				RefreshPlugins (0ms)
				BeforeProcessingInitializeOnLoad (85ms)
				ProcessInitializeOnLoadAttributes (255ms)
				ProcessInitializeOnLoadMethodAttributes (5ms)
				AfterProcessingInitializeOnLoad (6ms)
				EditorAssembliesLoaded (0ms)
			ExecutionOrderSort2 (0ms)
			AwakeInstancesAfterBackupRestoration (9ms)
Platform modules already initialized, skipping
Refreshing native plugins compatible for Editor in 0.44 ms, found 3 plugins.
Preloading 0 native plugins for Editor in 0.00 ms.
Unloading 2235 Unused Serialized files (Serialized files now loaded: 0)
System memory in use before: 100.9 MB.
System memory in use after: 101.1 MB.

Unloading 17 unused Assets to reduce memory usage. Loaded Objects now: 2728.
Total: 2.305500 ms (FindLiveObjects: 0.177400 ms CreateObjectMapping: 0.080000 ms MarkObjects: 2.032300 ms  DeleteObjects: 0.014800 ms)

AssetImportParameters requested are different than current active one (requested -> active):
  custom:framework-win-MediaFoundation: 216162199b28c13a410421893ffa2e32 -> 
  custom:video-decoder-ogg-theora: a1e56fd34408186e4bbccfd4996cb3dc -> 
  custom:container-muxer-webm: aa71ff27fc2769a1b78a27578f13a17b -> 
  custom:container-demuxer-webm: 4f35f7cbe854078d1ac9338744f61a02 -> 
  custom:container-demuxer-ogg: 62fdf1f143b41e24485cea50d1cbac27 -> 
  custom:video-encoder-webm-vp8: eb34c28f22e8b96e1ab97ce403110664 -> 
  custom:video-codec-MediaFoundation-h265: 746d11721c4dcdbdad8f713fa42b33f4 -> 
  custom:video-decoder-webm-vp8: 9c59270c3fd7afecdb556c50c9e8de78 -> 
  custom:audio-decoder-ogg-vorbis: bf7c407c2cedff20999df2af8eb42d56 -> 
  custom:audio-encoder-webm-vorbis: bf7c407c2cedff20999df2af8eb42d56 -> 
========================================================================
Received Import Request.
  Time since last request: 1038.419310 seconds.
  path: ProjectSettings/TagManager.asset
  artifactKey: Guid(00000000000000003000000000000000) Importer(815301076,1909f56bfc062723c751e8b465ee728b)
Start importing ProjectSettings/TagManager.asset using Guid(00000000000000003000000000000000) Importer(815301076,1909f56bfc062723c751e8b465ee728b)  -> (artifact id: '4cceec1d8aaa4dcabee31d6d2ae8ef94') in 0.018924 seconds 
  Import took 0.023325 seconds .

========================================================================
Received Import Request.
  Time since last request: 25.651046 seconds.
  path: Assets/Prefabs/defautWeapon 1.prefab
  artifactKey: Guid(132cc6ced8065564fa44fb98060d34dd) Importer(815301076,1909f56bfc062723c751e8b465ee728b)
Start importing Assets/Prefabs/defautWeapon 1.prefab using Guid(132cc6ced8065564fa44fb98060d34dd) Importer(815301076,1909f56bfc062723c751e8b465ee728b)  -> (artifact id: 'ef31456f5713851bc130e02f0efed983') in 0.062345 seconds 
  Import took 0.066464 seconds .

========================================================================
Received Import Request.
  Time since last request: 0.000272 seconds.
  path: Assets/Prefabs/weapon2.prefab
  artifactKey: Guid(85a37c3cebe50a743b4b2ee0694d7534) Importer(815301076,1909f56bfc062723c751e8b465ee728b)
Start importing Assets/Prefabs/weapon2.prefab using Guid(85a37c3cebe50a743b4b2ee0694d7534) Importer(815301076,1909f56bfc062723c751e8b465ee728b)  -> (artifact id: 'fc8199e19cc91fef3e55a706e7d3b9a7') in 0.023286 seconds 
  Import took 0.027552 seconds .

========================================================================
Received Import Request.
  Time since last request: 0.000272 seconds.
  path: Assets/Prefabs/weapons3.prefab
  artifactKey: Guid(0282487d63e33d241983ef27a7e201ed) Importer(815301076,1909f56bfc062723c751e8b465ee728b)
Start importing Assets/Prefabs/weapons3.prefab using Guid(0282487d63e33d241983ef27a7e201ed) Importer(815301076,1909f56bfc062723c751e8b465ee728b)  -> (artifact id: '84b423f859d0df278f2c695e663e4bc8') in 0.029988 seconds 
  Import took 0.034427 seconds .

========================================================================
Received Prepare
Registering precompiled user dll's ...
Registered in 0.003786 seconds.
Begin MonoManager ReloadAssembly
Native extension for WindowsStandalone target not found
Native extension for WebGL target not found
Refreshing native plugins compatible for Editor in 0.81 ms, found 3 plugins.
Preloading 0 native plugins for Editor in 0.00 ms.
Mono: successfully reloaded assembly
- Completed reload, in  1.010 seconds
Domain Reload Profiling:
	ReloadAssembly (1010ms)
		BeginReloadAssembly (98ms)
			ExecutionOrderSort (0ms)
			DisableScriptedObjects (5ms)
			BackupInstance (0ms)
			ReleaseScriptingObjects (0ms)
			CreateAndSetChildDomain (29ms)
		EndReloadAssembly (854ms)
			LoadAssemblies (84ms)
			RebuildTransferFunctionScriptingTraits (0ms)
			SetupTypeCache (250ms)
			ReleaseScriptCaches (1ms)
			RebuildScriptCaches (42ms)
			SetupLoadedEditorAssemblies (378ms)
				LogAssemblyErrors (0ms)
				InitializePlatformSupportModulesInManaged (6ms)
				SetLoadedEditorAssemblies (1ms)
				RefreshPlugins (1ms)
				BeforeProcessingInitializeOnLoad (98ms)
				ProcessInitializeOnLoadAttributes (261ms)
				ProcessInitializeOnLoadMethodAttributes (5ms)
				AfterProcessingInitializeOnLoad (6ms)
				EditorAssembliesLoaded (0ms)
			ExecutionOrderSort2 (0ms)
			AwakeInstancesAfterBackupRestoration (9ms)
Platform modules already initialized, skipping
Refreshing native plugins compatible for Editor in 0.47 ms, found 3 plugins.
Preloading 0 native plugins for Editor in 0.00 ms.
Unloading 2235 Unused Serialized files (Serialized files now loaded: 0)
System memory in use before: 101.0 MB.
System memory in use after: 101.2 MB.

Unloading 18 unused Assets to reduce memory usage. Loaded Objects now: 2733.
Total: 2.575800 ms (FindLiveObjects: 0.191400 ms CreateObjectMapping: 0.096100 ms MarkObjects: 2.273100 ms  DeleteObjects: 0.014200 ms)

AssetImportParameters requested are different than current active one (requested -> active):
  custom:framework-win-MediaFoundation: 216162199b28c13a410421893ffa2e32 -> 
  custom:video-decoder-ogg-theora: a1e56fd34408186e4bbccfd4996cb3dc -> 
  custom:container-muxer-webm: aa71ff27fc2769a1b78a27578f13a17b -> 
  custom:container-demuxer-webm: 4f35f7cbe854078d1ac9338744f61a02 -> 
  custom:container-demuxer-ogg: 62fdf1f143b41e24485cea50d1cbac27 -> 
  custom:video-encoder-webm-vp8: eb34c28f22e8b96e1ab97ce403110664 -> 
  custom:video-codec-MediaFoundation-h265: 746d11721c4dcdbdad8f713fa42b33f4 -> 
  custom:video-decoder-webm-vp8: 9c59270c3fd7afecdb556c50c9e8de78 -> 
  custom:audio-decoder-ogg-vorbis: bf7c407c2cedff20999df2af8eb42d56 -> 
  custom:audio-encoder-webm-vorbis: bf7c407c2cedff20999df2af8eb42d56 -> 
========================================================================
Received Prepare
Registering precompiled user dll's ...
Registered in 0.004178 seconds.
Begin MonoManager ReloadAssembly
Native extension for WindowsStandalone target not found
Native extension for WebGL target not found
Refreshing native plugins compatible for Editor in 0.45 ms, found 3 plugins.
Preloading 0 native plugins for Editor in 0.00 ms.
Mono: successfully reloaded assembly
- Completed reload, in  1.073 seconds
Domain Reload Profiling:
	ReloadAssembly (1074ms)
		BeginReloadAssembly (98ms)
			ExecutionOrderSort (0ms)
			DisableScriptedObjects (6ms)
			BackupInstance (0ms)
			ReleaseScriptingObjects (0ms)
			CreateAndSetChildDomain (31ms)
		EndReloadAssembly (916ms)
			LoadAssemblies (87ms)
			RebuildTransferFunctionScriptingTraits (0ms)
			SetupTypeCache (275ms)
			ReleaseScriptCaches (1ms)
			RebuildScriptCaches (49ms)
			SetupLoadedEditorAssemblies (385ms)
				LogAssemblyErrors (0ms)
				InitializePlatformSupportModulesInManaged (6ms)
				SetLoadedEditorAssemblies (0ms)
				RefreshPlugins (1ms)
				BeforeProcessingInitializeOnLoad (89ms)
				ProcessInitializeOnLoadAttributes (278ms)
				ProcessInitializeOnLoadMethodAttributes (5ms)
				AfterProcessingInitializeOnLoad (6ms)
				EditorAssembliesLoaded (0ms)
			ExecutionOrderSort2 (0ms)
			AwakeInstancesAfterBackupRestoration (10ms)
Platform modules already initialized, skipping
Refreshing native plugins compatible for Editor in 0.47 ms, found 3 plugins.
Preloading 0 native plugins for Editor in 0.00 ms.
Unloading 2235 Unused Serialized files (Serialized files now loaded: 0)
System memory in use before: 100.9 MB.
System memory in use after: 101.1 MB.

Unloading 17 unused Assets to reduce memory usage. Loaded Objects now: 2737.
Total: 2.322300 ms (FindLiveObjects: 0.194000 ms CreateObjectMapping: 0.089500 ms MarkObjects: 2.023500 ms  DeleteObjects: 0.014300 ms)

AssetImportParameters requested are different than current active one (requested -> active):
  custom:framework-win-MediaFoundation: 216162199b28c13a410421893ffa2e32 -> 
  custom:video-decoder-ogg-theora: a1e56fd34408186e4bbccfd4996cb3dc -> 
  custom:container-muxer-webm: aa71ff27fc2769a1b78a27578f13a17b -> 
  custom:container-demuxer-webm: 4f35f7cbe854078d1ac9338744f61a02 -> 
  custom:container-demuxer-ogg: 62fdf1f143b41e24485cea50d1cbac27 -> 
  custom:video-encoder-webm-vp8: eb34c28f22e8b96e1ab97ce403110664 -> 
  custom:video-codec-MediaFoundation-h265: 746d11721c4dcdbdad8f713fa42b33f4 -> 
  custom:video-decoder-webm-vp8: 9c59270c3fd7afecdb556c50c9e8de78 -> 
  custom:audio-decoder-ogg-vorbis: bf7c407c2cedff20999df2af8eb42d56 -> 
  custom:audio-encoder-webm-vorbis: bf7c407c2cedff20999df2af8eb42d56 -> 
========================================================================
Received Import Request.
  Time since last request: 337.930389 seconds.
  path: ProjectSettings/TagManager.asset
  artifactKey: Guid(00000000000000003000000000000000) Importer(815301076,1909f56bfc062723c751e8b465ee728b)
Start importing ProjectSettings/TagManager.asset using Guid(00000000000000003000000000000000) Importer(815301076,1909f56bfc062723c751e8b465ee728b)  -> (artifact id: '3fb6e3543b8995d971a7977b73a25010') in 0.014048 seconds 
  Import took 0.027713 seconds .

========================================================================
Received Import Request.
  Time since last request: 22.468757 seconds.
  path: Assets/Prefabs/defautWeapon 1.prefab
  artifactKey: Guid(132cc6ced8065564fa44fb98060d34dd) Importer(815301076,1909f56bfc062723c751e8b465ee728b)
Start importing Assets/Prefabs/defautWeapon 1.prefab using Guid(132cc6ced8065564fa44fb98060d34dd) Importer(815301076,1909f56bfc062723c751e8b465ee728b)  -> (artifact id: '74cd73f7e3b27675fe6059d621e9626c') in 0.057107 seconds 
  Import took 0.061283 seconds .

========================================================================
Received Import Request.
  Time since last request: 0.000332 seconds.
  path: Assets/Prefabs/weapon2.prefab
  artifactKey: Guid(85a37c3cebe50a743b4b2ee0694d7534) Importer(815301076,1909f56bfc062723c751e8b465ee728b)
Start importing Assets/Prefabs/weapon2.prefab using Guid(85a37c3cebe50a743b4b2ee0694d7534) Importer(815301076,1909f56bfc062723c751e8b465ee728b)  -> (artifact id: 'ada7f1923e9436ea0b84e71547c47d7e') in 0.026929 seconds 
  Import took 0.030894 seconds .

========================================================================
Received Import Request.
  Time since last request: 0.000307 seconds.
  path: Assets/Prefabs/weapons3.prefab
  artifactKey: Guid(0282487d63e33d241983ef27a7e201ed) Importer(815301076,1909f56bfc062723c751e8b465ee728b)
Start importing Assets/Prefabs/weapons3.prefab using Guid(0282487d63e33d241983ef27a7e201ed) Importer(815301076,1909f56bfc062723c751e8b465ee728b)  -> (artifact id: '3628d43104999aa70dd0220294cf949f') in 0.023980 seconds 
  Import took 0.027932 seconds .

========================================================================
Received Prepare
Registering precompiled user dll's ...
Registered in 0.003745 seconds.
Begin MonoManager ReloadAssembly
Native extension for WindowsStandalone target not found
Native extension for WebGL target not found
Refreshing native plugins compatible for Editor in 0.42 ms, found 3 plugins.
Preloading 0 native plugins for Editor in 0.00 ms.
Mono: successfully reloaded assembly
- Completed reload, in  1.006 seconds
Domain Reload Profiling:
	ReloadAssembly (1006ms)
		BeginReloadAssembly (98ms)
			ExecutionOrderSort (0ms)
			DisableScriptedObjects (6ms)
			BackupInstance (0ms)
			ReleaseScriptingObjects (0ms)
			CreateAndSetChildDomain (30ms)
		EndReloadAssembly (849ms)
			LoadAssemblies (82ms)
			RebuildTransferFunctionScriptingTraits (0ms)
			SetupTypeCache (255ms)
			ReleaseScriptCaches (1ms)
			RebuildScriptCaches (41ms)
			SetupLoadedEditorAssemblies (379ms)
				LogAssemblyErrors (0ms)
				InitializePlatformSupportModulesInManaged (6ms)
				SetLoadedEditorAssemblies (0ms)
				RefreshPlugins (0ms)
				BeforeProcessingInitializeOnLoad (96ms)
				ProcessInitializeOnLoadAttributes (265ms)
				ProcessInitializeOnLoadMethodAttributes (5ms)
				AfterProcessingInitializeOnLoad (6ms)
				EditorAssembliesLoaded (0ms)
			ExecutionOrderSort2 (0ms)
			AwakeInstancesAfterBackupRestoration (9ms)
Platform modules already initialized, skipping
Refreshing native plugins compatible for Editor in 0.45 ms, found 3 plugins.
Preloading 0 native plugins for Editor in 0.00 ms.
Unloading 2235 Unused Serialized files (Serialized files now loaded: 0)
System memory in use before: 101.0 MB.
System memory in use after: 101.2 MB.

Unloading 18 unused Assets to reduce memory usage. Loaded Objects now: 2742.
Total: 2.564500 ms (FindLiveObjects: 0.203900 ms CreateObjectMapping: 0.071600 ms MarkObjects: 2.262100 ms  DeleteObjects: 0.025700 ms)

AssetImportParameters requested are different than current active one (requested -> active):
  custom:framework-win-MediaFoundation: 216162199b28c13a410421893ffa2e32 -> 
  custom:video-decoder-ogg-theora: a1e56fd34408186e4bbccfd4996cb3dc -> 
  custom:container-muxer-webm: aa71ff27fc2769a1b78a27578f13a17b -> 
  custom:container-demuxer-webm: 4f35f7cbe854078d1ac9338744f61a02 -> 
  custom:container-demuxer-ogg: 62fdf1f143b41e24485cea50d1cbac27 -> 
  custom:video-encoder-webm-vp8: eb34c28f22e8b96e1ab97ce403110664 -> 
  custom:video-codec-MediaFoundation-h265: 746d11721c4dcdbdad8f713fa42b33f4 -> 
  custom:video-decoder-webm-vp8: 9c59270c3fd7afecdb556c50c9e8de78 -> 
  custom:audio-decoder-ogg-vorbis: bf7c407c2cedff20999df2af8eb42d56 -> 
  custom:audio-encoder-webm-vorbis: bf7c407c2cedff20999df2af8eb42d56 -> 
========================================================================
Received Prepare
Registering precompiled user dll's ...
Registered in 0.003991 seconds.
Begin MonoManager ReloadAssembly
Native extension for WindowsStandalone target not found
Native extension for WebGL target not found
Refreshing native plugins compatible for Editor in 0.42 ms, found 3 plugins.
Preloading 0 native plugins for Editor in 0.00 ms.
Mono: successfully reloaded assembly
- Completed reload, in  1.020 seconds
Domain Reload Profiling:
	ReloadAssembly (1020ms)
		BeginReloadAssembly (103ms)
			ExecutionOrderSort (0ms)
			DisableScriptedObjects (6ms)
			BackupInstance (0ms)
			ReleaseScriptingObjects (0ms)
			CreateAndSetChildDomain (32ms)
		EndReloadAssembly (857ms)
			LoadAssemblies (85ms)
			RebuildTransferFunctionScriptingTraits (0ms)
			SetupTypeCache (249ms)
			ReleaseScriptCaches (1ms)
			RebuildScriptCaches (43ms)
			SetupLoadedEditorAssemblies (386ms)
				LogAssemblyErrors (0ms)
				InitializePlatformSupportModulesInManaged (5ms)
				SetLoadedEditorAssemblies (0ms)
				RefreshPlugins (0ms)
				BeforeProcessingInitializeOnLoad (94ms)
				ProcessInitializeOnLoadAttributes (271ms)
				ProcessInitializeOnLoadMethodAttributes (6ms)
				AfterProcessingInitializeOnLoad (8ms)
				EditorAssembliesLoaded (0ms)
			ExecutionOrderSort2 (0ms)
			AwakeInstancesAfterBackupRestoration (11ms)
Platform modules already initialized, skipping
Refreshing native plugins compatible for Editor in 0.45 ms, found 3 plugins.
Preloading 0 native plugins for Editor in 0.00 ms.
Unloading 2235 Unused Serialized files (Serialized files now loaded: 0)
System memory in use before: 101.0 MB.
System memory in use after: 101.2 MB.

Unloading 17 unused Assets to reduce memory usage. Loaded Objects now: 2746.
Total: 2.672000 ms (FindLiveObjects: 0.202200 ms CreateObjectMapping: 0.098800 ms MarkObjects: 2.355100 ms  DeleteObjects: 0.015200 ms)

AssetImportParameters requested are different than current active one (requested -> active):
  custom:framework-win-MediaFoundation: 216162199b28c13a410421893ffa2e32 -> 
  custom:video-decoder-ogg-theora: a1e56fd34408186e4bbccfd4996cb3dc -> 
  custom:container-muxer-webm: aa71ff27fc2769a1b78a27578f13a17b -> 
  custom:container-demuxer-webm: 4f35f7cbe854078d1ac9338744f61a02 -> 
  custom:container-demuxer-ogg: 62fdf1f143b41e24485cea50d1cbac27 -> 
  custom:video-encoder-webm-vp8: eb34c28f22e8b96e1ab97ce403110664 -> 
  custom:video-codec-MediaFoundation-h265: 746d11721c4dcdbdad8f713fa42b33f4 -> 
  custom:video-decoder-webm-vp8: 9c59270c3fd7afecdb556c50c9e8de78 -> 
  custom:audio-decoder-ogg-vorbis: bf7c407c2cedff20999df2af8eb42d56 -> 
  custom:audio-encoder-webm-vorbis: bf7c407c2cedff20999df2af8eb42d56 -> 
========================================================================
Received Import Request.
  Time since last request: 306.545230 seconds.
  path: Assets/Prefabs/RagedEnemy.prefab
  artifactKey: Guid(08f4525ab5e0e9248bf0877e00658c2b) Importer(815301076,1909f56bfc062723c751e8b465ee728b)
Start importing Assets/Prefabs/RagedEnemy.prefab using Guid(08f4525ab5e0e9248bf0877e00658c2b) Importer(815301076,1909f56bfc062723c751e8b465ee728b)  -> (artifact id: '325e3f43f148fdd8b704fa92f5511571') in 0.056819 seconds 
  Import took 0.060132 seconds .

========================================================================
Received Import Request.
  Time since last request: 0.000278 seconds.
  path: Assets/Prefabs/MeleeEnemy.prefab
  artifactKey: Guid(b5c505f36173a414ca9611f51aff9365) Importer(815301076,1909f56bfc062723c751e8b465ee728b)
Start importing Assets/Prefabs/MeleeEnemy.prefab using Guid(b5c505f36173a414ca9611f51aff9365) Importer(815301076,1909f56bfc062723c751e8b465ee728b)  -> (artifact id: '3083ba18c88dc0cdddbab5d2a0dfc265') in 0.044956 seconds 
  Import took 0.048972 seconds .

========================================================================
Received Import Request.
  Time since last request: 0.000331 seconds.
  path: Assets/Prefabs/Minions.prefab
  artifactKey: Guid(7790e95eca0751f4494d801a86be0cc9) Importer(815301076,1909f56bfc062723c751e8b465ee728b)
Start importing Assets/Prefabs/Minions.prefab using Guid(7790e95eca0751f4494d801a86be0cc9) Importer(815301076,1909f56bfc062723c751e8b465ee728b)  -> (artifact id: 'ecde2e2140d0deed6e74c353d80e6bc2') in 0.031708 seconds 
  Import took 0.046985 seconds .

========================================================================
Received Import Request.
  Time since last request: 0.000467 seconds.
  path: Assets/Prefabs/Summoner.prefab
  artifactKey: Guid(49534c9ca537c894e865d978cfa5dcb1) Importer(815301076,1909f56bfc062723c751e8b465ee728b)
Start importing Assets/Prefabs/Summoner.prefab using Guid(49534c9ca537c894e865d978cfa5dcb1) Importer(815301076,1909f56bfc062723c751e8b465ee728b)  -> (artifact id: 'ac4ac2f653097ba40cedda2c551ed459') in 0.036534 seconds 
  Import took 0.040646 seconds .

========================================================================
Received Import Request.
  Time since last request: 112.015918 seconds.
  path: Assets/Prefabs/weapons_8.prefab
  artifactKey: Guid(16252142ab8f16e43b66af2cd5bb299d) Importer(815301076,1909f56bfc062723c751e8b465ee728b)
Start importing Assets/Prefabs/weapons_8.prefab using Guid(16252142ab8f16e43b66af2cd5bb299d) Importer(815301076,1909f56bfc062723c751e8b465ee728b)  -> (artifact id: 'a377c484d0ace50a252cca7b279c66a2') in 0.024613 seconds 
  Import took 0.028560 seconds .

========================================================================
Received Import Request.
  Time since last request: 0.000382 seconds.
  path: Assets/Prefabs/weapons_8.prefab
  artifactKey: Guid(16252142ab8f16e43b66af2cd5bb299d) Importer(815301076,1909f56bfc062723c751e8b465ee728b)
Start importing Assets/Prefabs/weapons_8.prefab using Guid(16252142ab8f16e43b66af2cd5bb299d) Importer(815301076,1909f56bfc062723c751e8b465ee728b)  -> (artifact id: 'a377c484d0ace50a252cca7b279c66a2') in 0.022105 seconds 
  Import took 0.026074 seconds .

========================================================================
Received Import Request.
  Time since last request: 16.900568 seconds.
  path: Assets/Prefabs/weapons_10.prefab
  artifactKey: Guid(519e58bb97dda4f4eaa6e3a2b53ce024) Importer(815301076,1909f56bfc062723c751e8b465ee728b)
Start importing Assets/Prefabs/weapons_10.prefab using Guid(519e58bb97dda4f4eaa6e3a2b53ce024) Importer(815301076,1909f56bfc062723c751e8b465ee728b)  -> (artifact id: '8014cd59a776116c8139f2559f681896') in 0.027862 seconds 
  Import took 0.033512 seconds .

========================================================================
Received Import Request.
  Time since last request: 0.001264 seconds.
  path: Assets/Prefabs/weapons_10.prefab
  artifactKey: Guid(519e58bb97dda4f4eaa6e3a2b53ce024) Importer(815301076,1909f56bfc062723c751e8b465ee728b)
Start importing Assets/Prefabs/weapons_10.prefab using Guid(519e58bb97dda4f4eaa6e3a2b53ce024) Importer(815301076,1909f56bfc062723c751e8b465ee728b)  -> (artifact id: '8014cd59a776116c8139f2559f681896') in 0.020991 seconds 
  Import took 0.024836 seconds .

========================================================================
Received Import Request.
  Time since last request: 3.669206 seconds.
  path: Assets/Prefabs/weapons_9.prefab
  artifactKey: Guid(0c1f1ff264acae1459b6c6efa9d157c1) Importer(815301076,1909f56bfc062723c751e8b465ee728b)
Start importing Assets/Prefabs/weapons_9.prefab using Guid(0c1f1ff264acae1459b6c6efa9d157c1) Importer(815301076,1909f56bfc062723c751e8b465ee728b)  -> (artifact id: '5ba7054df7a9c47bbda05a6871dd681c') in 0.025421 seconds 
  Import took 0.029608 seconds .

========================================================================
Received Import Request.
  Time since last request: 0.000785 seconds.
  path: Assets/Prefabs/weapons_9.prefab
  artifactKey: Guid(0c1f1ff264acae1459b6c6efa9d157c1) Importer(815301076,1909f56bfc062723c751e8b465ee728b)
Start importing Assets/Prefabs/weapons_9.prefab using Guid(0c1f1ff264acae1459b6c6efa9d157c1) Importer(815301076,1909f56bfc062723c751e8b465ee728b)  -> (artifact id: '5ba7054df7a9c47bbda05a6871dd681c') in 0.022858 seconds 
  Import took 0.026937 seconds .

========================================================================
Received Import Request.
  Time since last request: 22.239049 seconds.
  path: Assets/Prefabs/pickupDefault.prefab
  artifactKey: Guid(0c1f1ff264acae1459b6c6efa9d157c1) Importer(815301076,1909f56bfc062723c751e8b465ee728b)
Start importing Assets/Prefabs/pickupDefault.prefab using Guid(0c1f1ff264acae1459b6c6efa9d157c1) Importer(815301076,1909f56bfc062723c751e8b465ee728b)  -> (artifact id: '96c2ab4e624ce898281cd970f0a8db32') in 0.021294 seconds 
  Import took 0.025722 seconds .

========================================================================
Received Import Request.
  Time since last request: 13.444247 seconds.
  path: Assets/Prefabs/heavyPickup.prefab
  artifactKey: Guid(16252142ab8f16e43b66af2cd5bb299d) Importer(815301076,1909f56bfc062723c751e8b465ee728b)
Start importing Assets/Prefabs/heavyPickup.prefab using Guid(16252142ab8f16e43b66af2cd5bb299d) Importer(815301076,1909f56bfc062723c751e8b465ee728b)  -> (artifact id: '2846a32a1a9fd31ef94a77912fe94980') in 0.026283 seconds 
  Import took 0.031474 seconds .

========================================================================
Received Import Request.
  Time since last request: 11.775809 seconds.
  path: Assets/Prefabs/firePickup.prefab
  artifactKey: Guid(519e58bb97dda4f4eaa6e3a2b53ce024) Importer(815301076,1909f56bfc062723c751e8b465ee728b)
Start importing Assets/Prefabs/firePickup.prefab using Guid(519e58bb97dda4f4eaa6e3a2b53ce024) Importer(815301076,1909f56bfc062723c751e8b465ee728b)  -> (artifact id: 'f49f1afefc94cde006af77bdd3d5bd7c') in 0.023227 seconds 
  Import took 0.028662 seconds .

========================================================================
Received Import Request.
  Time since last request: 274.249588 seconds.
  path: Assets/Prefabs/Minions.prefab
  artifactKey: Guid(7790e95eca0751f4494d801a86be0cc9) Importer(815301076,1909f56bfc062723c751e8b465ee728b)
Start importing Assets/Prefabs/Minions.prefab using Guid(7790e95eca0751f4494d801a86be0cc9) Importer(815301076,1909f56bfc062723c751e8b465ee728b)  -> (artifact id: '01a2c331acf5b9a5c89093009bbbe500') in 0.044643 seconds 
  Import took 0.051017 seconds .

========================================================================
Received Import Request.
  Time since last request: 5.619977 seconds.
  path: Assets/Prefabs/Minions.prefab
  artifactKey: Guid(7790e95eca0751f4494d801a86be0cc9) Importer(815301076,1909f56bfc062723c751e8b465ee728b)
Start importing Assets/Prefabs/Minions.prefab using Guid(7790e95eca0751f4494d801a86be0cc9) Importer(815301076,1909f56bfc062723c751e8b465ee728b)  -> (artifact id: '46806546ad85786b6c20c7ddaf92b40a') in 0.029195 seconds 
  Import took 0.033592 seconds .

========================================================================
Received Import Request.
  Time since last request: 7.255165 seconds.
  path: Assets/Prefabs/Minions.prefab
  artifactKey: Guid(7790e95eca0751f4494d801a86be0cc9) Importer(815301076,1909f56bfc062723c751e8b465ee728b)
Start importing Assets/Prefabs/Minions.prefab using Guid(7790e95eca0751f4494d801a86be0cc9) Importer(815301076,1909f56bfc062723c751e8b465ee728b)  -> (artifact id: 'd6ea2c19a5d80b30801b34c023cfb359') in 0.038141 seconds 
  Import took 0.043348 seconds .

========================================================================
Received Import Request.
  Time since last request: 13.085634 seconds.
  path: Assets/Prefabs/Minions.prefab
  artifactKey: Guid(7790e95eca0751f4494d801a86be0cc9) Importer(815301076,1909f56bfc062723c751e8b465ee728b)
Start importing Assets/Prefabs/Minions.prefab using Guid(7790e95eca0751f4494d801a86be0cc9) Importer(815301076,1909f56bfc062723c751e8b465ee728b)  -> (artifact id: 'ace72f7a266f7b56728ea100da5ef3df') in 0.042541 seconds 
  Import took 0.047654 seconds .

========================================================================
Received Import Request.
  Time since last request: 6.409258 seconds.
  path: Assets/Prefabs/Minions.prefab
  artifactKey: Guid(7790e95eca0751f4494d801a86be0cc9) Importer(815301076,1909f56bfc062723c751e8b465ee728b)
Start importing Assets/Prefabs/Minions.prefab using Guid(7790e95eca0751f4494d801a86be0cc9) Importer(815301076,1909f56bfc062723c751e8b465ee728b)  -> (artifact id: 'bae1a118f13ed0ea92d9f9c1224c1528') in 0.037215 seconds 
  Import took 0.043105 seconds .

========================================================================
Received Import Request.
  Time since last request: 11.074490 seconds.
  path: Assets/Prefabs/Minions.prefab
  artifactKey: Guid(7790e95eca0751f4494d801a86be0cc9) Importer(815301076,1909f56bfc062723c751e8b465ee728b)
Start importing Assets/Prefabs/Minions.prefab using Guid(7790e95eca0751f4494d801a86be0cc9) Importer(815301076,1909f56bfc062723c751e8b465ee728b)  -> (artifact id: '74dc15bab8b443bad2b5b783095a3244') in 0.037746 seconds 
  Import took 0.042670 seconds .

========================================================================
Received Import Request.
  Time since last request: 0.558017 seconds.
  path: Assets/Prefabs/Minions.prefab
  artifactKey: Guid(7790e95eca0751f4494d801a86be0cc9) Importer(815301076,1909f56bfc062723c751e8b465ee728b)
Start importing Assets/Prefabs/Minions.prefab using Guid(7790e95eca0751f4494d801a86be0cc9) Importer(815301076,1909f56bfc062723c751e8b465ee728b)  -> (artifact id: '7a390988b87802c640f0989766cb2a59') in 0.035073 seconds 
  Import took 0.040073 seconds .

========================================================================
Received Import Request.
  Time since last request: 0.000595 seconds.
  path: Assets/Prefabs/Minions.prefab
  artifactKey: Guid(7790e95eca0751f4494d801a86be0cc9) Importer(815301076,1909f56bfc062723c751e8b465ee728b)
Start importing Assets/Prefabs/Minions.prefab using Guid(7790e95eca0751f4494d801a86be0cc9) Importer(815301076,1909f56bfc062723c751e8b465ee728b)  -> (artifact id: '7a390988b87802c640f0989766cb2a59') in 0.030631 seconds 
  Import took 0.035468 seconds .

========================================================================
Received Import Request.
  Time since last request: 18.254702 seconds.
  path: Assets/Prefabs/MeleeEnemy.prefab
  artifactKey: Guid(b5c505f36173a414ca9611f51aff9365) Importer(815301076,1909f56bfc062723c751e8b465ee728b)
Start importing Assets/Prefabs/MeleeEnemy.prefab using Guid(b5c505f36173a414ca9611f51aff9365) Importer(815301076,1909f56bfc062723c751e8b465ee728b)  -> (artifact id: '832d66613471c625a6de2f07d33993a8') in 0.034358 seconds 
  Import took 0.038671 seconds .

========================================================================
Received Import Request.
  Time since last request: 3.409844 seconds.
  path: Assets/Prefabs/MeleeEnemy.prefab
  artifactKey: Guid(b5c505f36173a414ca9611f51aff9365) Importer(815301076,1909f56bfc062723c751e8b465ee728b)
Start importing Assets/Prefabs/MeleeEnemy.prefab using Guid(b5c505f36173a414ca9611f51aff9365) Importer(815301076,1909f56bfc062723c751e8b465ee728b)  -> (artifact id: 'b522e231e7415f51be8a4b6639523f9e') in 0.048593 seconds 
  Import took 0.054499 seconds .

========================================================================
Received Import Request.
  Time since last request: 4.510807 seconds.
  path: Assets/Prefabs/MeleeEnemy.prefab
  artifactKey: Guid(b5c505f36173a414ca9611f51aff9365) Importer(815301076,1909f56bfc062723c751e8b465ee728b)
Start importing Assets/Prefabs/MeleeEnemy.prefab using Guid(b5c505f36173a414ca9611f51aff9365) Importer(815301076,1909f56bfc062723c751e8b465ee728b)  -> (artifact id: '7a5deda90b31a5961a4ad6c3def4208a') in 0.041265 seconds 
  Import took 0.046326 seconds .

========================================================================
Received Import Request.
  Time since last request: 7.251624 seconds.
  path: Assets/Prefabs/MeleeEnemy.prefab
  artifactKey: Guid(b5c505f36173a414ca9611f51aff9365) Importer(815301076,1909f56bfc062723c751e8b465ee728b)
Start importing Assets/Prefabs/MeleeEnemy.prefab using Guid(b5c505f36173a414ca9611f51aff9365) Importer(815301076,1909f56bfc062723c751e8b465ee728b)  -> (artifact id: '29dc5ce2dddf88ce94ef7f2baf20a902') in 0.043069 seconds 
  Import took 0.048082 seconds .

========================================================================
Received Import Request.
  Time since last request: 0.550706 seconds.
  path: Assets/Prefabs/MeleeEnemy.prefab
  artifactKey: Guid(b5c505f36173a414ca9611f51aff9365) Importer(815301076,1909f56bfc062723c751e8b465ee728b)
Start importing Assets/Prefabs/MeleeEnemy.prefab using Guid(b5c505f36173a414ca9611f51aff9365) Importer(815301076,1909f56bfc062723c751e8b465ee728b)  -> (artifact id: '824a817cfc045f6c2901780d0d86ce00') in 0.034393 seconds 
  Import took 0.039451 seconds .

========================================================================
Received Import Request.
  Time since last request: 0.372231 seconds.
  path: Assets/Prefabs/MeleeEnemy.prefab
  artifactKey: Guid(b5c505f36173a414ca9611f51aff9365) Importer(815301076,1909f56bfc062723c751e8b465ee728b)
Start importing Assets/Prefabs/MeleeEnemy.prefab using Guid(b5c505f36173a414ca9611f51aff9365) Importer(815301076,1909f56bfc062723c751e8b465ee728b)  -> (artifact id: 'a26b70b8407c9e1b6702cdc063316109') in 0.036273 seconds 
  Import took 0.042022 seconds .

========================================================================
Received Import Request.
  Time since last request: 1.369702 seconds.
  path: Assets/Prefabs/MeleeEnemy.prefab
  artifactKey: Guid(b5c505f36173a414ca9611f51aff9365) Importer(815301076,1909f56bfc062723c751e8b465ee728b)
Start importing Assets/Prefabs/MeleeEnemy.prefab using Guid(b5c505f36173a414ca9611f51aff9365) Importer(815301076,1909f56bfc062723c751e8b465ee728b)  -> (artifact id: 'd66403ac3e068e1dece410231a9371dd') in 0.027529 seconds 
  Import took 0.032359 seconds .

========================================================================
Received Import Request.
  Time since last request: 0.376454 seconds.
  path: Assets/Prefabs/MeleeEnemy.prefab
  artifactKey: Guid(b5c505f36173a414ca9611f51aff9365) Importer(815301076,1909f56bfc062723c751e8b465ee728b)
Start importing Assets/Prefabs/MeleeEnemy.prefab using Guid(b5c505f36173a414ca9611f51aff9365) Importer(815301076,1909f56bfc062723c751e8b465ee728b)  -> (artifact id: '6c32a659c119d81ebe0e8dd5311e7e17') in 0.029365 seconds 
  Import took 0.034321 seconds .

========================================================================
Received Import Request.
  Time since last request: 5.098231 seconds.
  path: Assets/Prefabs/MeleeEnemy.prefab
  artifactKey: Guid(b5c505f36173a414ca9611f51aff9365) Importer(815301076,1909f56bfc062723c751e8b465ee728b)
Start importing Assets/Prefabs/MeleeEnemy.prefab using Guid(b5c505f36173a414ca9611f51aff9365) Importer(815301076,1909f56bfc062723c751e8b465ee728b)  -> (artifact id: '33d2174a565f911f389d97e760683c3c') in 0.036528 seconds 
  Import took 0.043139 seconds .

========================================================================
Received Import Request.
  Time since last request: 3.402114 seconds.
  path: Assets/Prefabs/MeleeEnemy.prefab
  artifactKey: Guid(b5c505f36173a414ca9611f51aff9365) Importer(815301076,1909f56bfc062723c751e8b465ee728b)
Start importing Assets/Prefabs/MeleeEnemy.prefab using Guid(b5c505f36173a414ca9611f51aff9365) Importer(815301076,1909f56bfc062723c751e8b465ee728b)  -> (artifact id: 'c439c087886941dbcc7ace87c495e40b') in 0.033206 seconds 
  Import took 0.038162 seconds .

========================================================================
Received Import Request.
  Time since last request: 0.003575 seconds.
  path: Assets/Prefabs/MeleeEnemy.prefab
  artifactKey: Guid(b5c505f36173a414ca9611f51aff9365) Importer(815301076,1909f56bfc062723c751e8b465ee728b)
Start importing Assets/Prefabs/MeleeEnemy.prefab using Guid(b5c505f36173a414ca9611f51aff9365) Importer(815301076,1909f56bfc062723c751e8b465ee728b)  -> (artifact id: 'c439c087886941dbcc7ace87c495e40b') in 0.033936 seconds 
  Import took 0.039072 seconds .

========================================================================
Received Import Request.
  Time since last request: 2.147890 seconds.
  path: Assets/Prefabs/MeleeEnemy.prefab
  artifactKey: Guid(b5c505f36173a414ca9611f51aff9365) Importer(815301076,1909f56bfc062723c751e8b465ee728b)
Start importing Assets/Prefabs/MeleeEnemy.prefab using Guid(b5c505f36173a414ca9611f51aff9365) Importer(815301076,1909f56bfc062723c751e8b465ee728b)  -> (artifact id: '3ea6e057cf6ade0589c34e711fe44440') in 0.036270 seconds 
  Import took 0.042328 seconds .

========================================================================
Received Import Request.
  Time since last request: 2.400412 seconds.
  path: Assets/Prefabs/MeleeEnemy.prefab
  artifactKey: Guid(b5c505f36173a414ca9611f51aff9365) Importer(815301076,1909f56bfc062723c751e8b465ee728b)
Start importing Assets/Prefabs/MeleeEnemy.prefab using Guid(b5c505f36173a414ca9611f51aff9365) Importer(815301076,1909f56bfc062723c751e8b465ee728b)  -> (artifact id: '13965cc94fd7fc658c2e83c1553006c1') in 0.032124 seconds 
  Import took 0.037226 seconds .

========================================================================
Received Import Request.
  Time since last request: 28.793351 seconds.
  path: Assets/Prefabs/RagedEnemy.prefab
  artifactKey: Guid(08f4525ab5e0e9248bf0877e00658c2b) Importer(815301076,1909f56bfc062723c751e8b465ee728b)
Start importing Assets/Prefabs/RagedEnemy.prefab using Guid(08f4525ab5e0e9248bf0877e00658c2b) Importer(815301076,1909f56bfc062723c751e8b465ee728b)  -> (artifact id: '016f3bf3560f272e71d5a311acd299ef') in 0.014105 seconds 
  Import took 0.017834 seconds .

========================================================================
Received Import Request.
  Time since last request: 3.196837 seconds.
  path: Assets/Prefabs/RagedEnemy.prefab
  artifactKey: Guid(08f4525ab5e0e9248bf0877e00658c2b) Importer(815301076,1909f56bfc062723c751e8b465ee728b)
Start importing Assets/Prefabs/RagedEnemy.prefab using Guid(08f4525ab5e0e9248bf0877e00658c2b) Importer(815301076,1909f56bfc062723c751e8b465ee728b)  -> (artifact id: '56839dd4a650768aefbac00253e23e20') in 0.015277 seconds 
  Import took 0.018915 seconds .

========================================================================
Received Import Request.
  Time since last request: 14.493113 seconds.
  path: Assets/Prefabs/RagedEnemy.prefab
  artifactKey: Guid(08f4525ab5e0e9248bf0877e00658c2b) Importer(815301076,1909f56bfc062723c751e8b465ee728b)
Start importing Assets/Prefabs/RagedEnemy.prefab using Guid(08f4525ab5e0e9248bf0877e00658c2b) Importer(815301076,1909f56bfc062723c751e8b465ee728b)  -> (artifact id: '17c1b63192265dd441636c4491038ccb') in 0.023816 seconds 
  Import took 0.028966 seconds .

========================================================================
Received Import Request.
  Time since last request: 0.567514 seconds.
  path: Assets/Prefabs/RagedEnemy.prefab
  artifactKey: Guid(08f4525ab5e0e9248bf0877e00658c2b) Importer(815301076,1909f56bfc062723c751e8b465ee728b)
Start importing Assets/Prefabs/RagedEnemy.prefab using Guid(08f4525ab5e0e9248bf0877e00658c2b) Importer(815301076,1909f56bfc062723c751e8b465ee728b)  -> (artifact id: '9ccb27b20a2b33342901fe49cc8d9273') in 0.027114 seconds 
  Import took 0.031279 seconds .

========================================================================
Received Import Request.
  Time since last request: 0.377400 seconds.
  path: Assets/Prefabs/RagedEnemy.prefab
  artifactKey: Guid(08f4525ab5e0e9248bf0877e00658c2b) Importer(815301076,1909f56bfc062723c751e8b465ee728b)
Start importing Assets/Prefabs/RagedEnemy.prefab using Guid(08f4525ab5e0e9248bf0877e00658c2b) Importer(815301076,1909f56bfc062723c751e8b465ee728b)  -> (artifact id: '57e894f800486ed2b4ad106b02eb7c75') in 0.029570 seconds 
  Import took 0.034376 seconds .

========================================================================
Received Import Request.
  Time since last request: 0.570411 seconds.
  path: Assets/Prefabs/RagedEnemy.prefab
  artifactKey: Guid(08f4525ab5e0e9248bf0877e00658c2b) Importer(815301076,1909f56bfc062723c751e8b465ee728b)
Start importing Assets/Prefabs/RagedEnemy.prefab using Guid(08f4525ab5e0e9248bf0877e00658c2b) Importer(815301076,1909f56bfc062723c751e8b465ee728b)  -> (artifact id: 'b454163aa5c4646ac13a383f52fe3190') in 0.025987 seconds 
  Import took 0.030759 seconds .

========================================================================
Received Import Request.
  Time since last request: 0.374218 seconds.
  path: Assets/Prefabs/RagedEnemy.prefab
  artifactKey: Guid(08f4525ab5e0e9248bf0877e00658c2b) Importer(815301076,1909f56bfc062723c751e8b465ee728b)
Start importing Assets/Prefabs/RagedEnemy.prefab using Guid(08f4525ab5e0e9248bf0877e00658c2b) Importer(815301076,1909f56bfc062723c751e8b465ee728b)  -> (artifact id: '02e7d717cc8c3b562b950f755eee92ad') in 0.022853 seconds 
  Import took 0.027182 seconds .

========================================================================
Received Import Request.
  Time since last request: 0.574193 seconds.
  path: Assets/Prefabs/RagedEnemy.prefab
  artifactKey: Guid(08f4525ab5e0e9248bf0877e00658c2b) Importer(815301076,1909f56bfc062723c751e8b465ee728b)
Start importing Assets/Prefabs/RagedEnemy.prefab using Guid(08f4525ab5e0e9248bf0877e00658c2b) Importer(815301076,1909f56bfc062723c751e8b465ee728b)  -> (artifact id: '96aefcb33cf37c8c5a4f694e21cf4de1') in 0.029049 seconds 
  Import took 0.033521 seconds .

========================================================================
Received Import Request.
  Time since last request: 13.100224 seconds.
  path: Assets/Prefabs/RagedEnemy.prefab
  artifactKey: Guid(08f4525ab5e0e9248bf0877e00658c2b) Importer(815301076,1909f56bfc062723c751e8b465ee728b)
Start importing Assets/Prefabs/RagedEnemy.prefab using Guid(08f4525ab5e0e9248bf0877e00658c2b) Importer(815301076,1909f56bfc062723c751e8b465ee728b)  -> (artifact id: '3f91a7dd79878b65b91fb68022a65443') in 0.026235 seconds 
  Import took 0.030693 seconds .

========================================================================
Received Import Request.
  Time since last request: 9.312315 seconds.
  path: Assets/Prefabs/RagedEnemy.prefab
  artifactKey: Guid(08f4525ab5e0e9248bf0877e00658c2b) Importer(815301076,1909f56bfc062723c751e8b465ee728b)
Start importing Assets/Prefabs/RagedEnemy.prefab using Guid(08f4525ab5e0e9248bf0877e00658c2b) Importer(815301076,1909f56bfc062723c751e8b465ee728b)  -> (artifact id: '80b7da379c34837259180e8d3631ebbf') in 0.022959 seconds 
  Import took 0.027060 seconds .

========================================================================
Received Import Request.
  Time since last request: 20.607085 seconds.
  path: Assets/Prefabs/RagedEnemy.prefab
  artifactKey: Guid(08f4525ab5e0e9248bf0877e00658c2b) Importer(815301076,1909f56bfc062723c751e8b465ee728b)
Start importing Assets/Prefabs/RagedEnemy.prefab using Guid(08f4525ab5e0e9248bf0877e00658c2b) Importer(815301076,1909f56bfc062723c751e8b465ee728b)  -> (artifact id: 'a9c337419d2cc62d0472da91a356c74b') in 0.021380 seconds 
  Import took 0.026621 seconds .

========================================================================
Received Import Request.
  Time since last request: 1.607703 seconds.
  path: Assets/Prefabs/RagedEnemy.prefab
  artifactKey: Guid(08f4525ab5e0e9248bf0877e00658c2b) Importer(815301076,1909f56bfc062723c751e8b465ee728b)
Start importing Assets/Prefabs/RagedEnemy.prefab using Guid(08f4525ab5e0e9248bf0877e00658c2b) Importer(815301076,1909f56bfc062723c751e8b465ee728b)  -> (artifact id: 'd6625b034e2fd23d71a6894df579a126') in 0.021040 seconds 
  Import took 0.025526 seconds .

========================================================================
Received Import Request.
  Time since last request: 2.423519 seconds.
  path: Assets/Prefabs/RagedEnemy.prefab
  artifactKey: Guid(08f4525ab5e0e9248bf0877e00658c2b) Importer(815301076,1909f56bfc062723c751e8b465ee728b)
Start importing Assets/Prefabs/RagedEnemy.prefab using Guid(08f4525ab5e0e9248bf0877e00658c2b) Importer(815301076,1909f56bfc062723c751e8b465ee728b)  -> (artifact id: 'f4648db2ee3a2e9067479f18f955c5cc') in 0.020760 seconds 
  Import took 0.025557 seconds .

========================================================================
Received Import Request.
  Time since last request: 0.777644 seconds.
  path: Assets/Prefabs/RagedEnemy.prefab
  artifactKey: Guid(08f4525ab5e0e9248bf0877e00658c2b) Importer(815301076,1909f56bfc062723c751e8b465ee728b)
Start importing Assets/Prefabs/RagedEnemy.prefab using Guid(08f4525ab5e0e9248bf0877e00658c2b) Importer(815301076,1909f56bfc062723c751e8b465ee728b)  -> (artifact id: 'e9227a8f1aeefa11ba4b1b165b44549d') in 0.023115 seconds 
  Import took 0.027961 seconds .

========================================================================
Received Import Request.
  Time since last request: 0.370530 seconds.
  path: Assets/Prefabs/RagedEnemy.prefab
  artifactKey: Guid(08f4525ab5e0e9248bf0877e00658c2b) Importer(815301076,1909f56bfc062723c751e8b465ee728b)
Start importing Assets/Prefabs/RagedEnemy.prefab using Guid(08f4525ab5e0e9248bf0877e00658c2b) Importer(815301076,1909f56bfc062723c751e8b465ee728b)  -> (artifact id: 'efbe81598f7893c1e45e991b8353a291') in 0.020428 seconds 
  Import took 0.024572 seconds .

========================================================================
Received Import Request.
  Time since last request: 0.002666 seconds.
  path: Assets/Prefabs/RagedEnemy.prefab
  artifactKey: Guid(08f4525ab5e0e9248bf0877e00658c2b) Importer(815301076,1909f56bfc062723c751e8b465ee728b)
Start importing Assets/Prefabs/RagedEnemy.prefab using Guid(08f4525ab5e0e9248bf0877e00658c2b) Importer(815301076,1909f56bfc062723c751e8b465ee728b)  -> (artifact id: 'efbe81598f7893c1e45e991b8353a291') in 0.021193 seconds 
  Import took 0.025499 seconds .

========================================================================
Received Import Request.
  Time since last request: 19.849765 seconds.
  path: Assets/Prefabs/Summoner.prefab
  artifactKey: Guid(49534c9ca537c894e865d978cfa5dcb1) Importer(815301076,1909f56bfc062723c751e8b465ee728b)
Start importing Assets/Prefabs/Summoner.prefab using Guid(49534c9ca537c894e865d978cfa5dcb1) Importer(815301076,1909f56bfc062723c751e8b465ee728b)  -> (artifact id: 'bc680d5bb982f00a1431ec3d28b2e32a') in 0.036325 seconds 
  Import took 0.042371 seconds .

========================================================================
Received Import Request.
  Time since last request: 6.855745 seconds.
  path: Assets/Prefabs/Summoner.prefab
  artifactKey: Guid(49534c9ca537c894e865d978cfa5dcb1) Importer(815301076,1909f56bfc062723c751e8b465ee728b)
Start importing Assets/Prefabs/Summoner.prefab using Guid(49534c9ca537c894e865d978cfa5dcb1) Importer(815301076,1909f56bfc062723c751e8b465ee728b)  -> (artifact id: '9b0a090b91d63a12553ea21377627799') in 0.031777 seconds 
  Import took 0.037048 seconds .

========================================================================
Received Import Request.
  Time since last request: 7.796028 seconds.
  path: Assets/Prefabs/RagedEnemy.prefab
  artifactKey: Guid(08f4525ab5e0e9248bf0877e00658c2b) Importer(815301076,1909f56bfc062723c751e8b465ee728b)
Start importing Assets/Prefabs/RagedEnemy.prefab using Guid(08f4525ab5e0e9248bf0877e00658c2b) Importer(815301076,1909f56bfc062723c751e8b465ee728b)  -> (artifact id: 'a5740878cd170cd0865824741bbf9009') in 0.026548 seconds 
  Import took 0.031003 seconds .

========================================================================
Received Import Request.
  Time since last request: 2.306958 seconds.
  path: Assets/Prefabs/RagedEnemy.prefab
  artifactKey: Guid(08f4525ab5e0e9248bf0877e00658c2b) Importer(815301076,1909f56bfc062723c751e8b465ee728b)
Start importing Assets/Prefabs/RagedEnemy.prefab using Guid(08f4525ab5e0e9248bf0877e00658c2b) Importer(815301076,1909f56bfc062723c751e8b465ee728b)  -> (artifact id: '7f6c9b07746d9261fead6ec209e4b15f') in 0.025967 seconds 
  Import took 0.030564 seconds .

========================================================================
Received Prepare
Registering precompiled user dll's ...
Registered in 0.003918 seconds.
Begin MonoManager ReloadAssembly
Native extension for WindowsStandalone target not found
Native extension for WebGL target not found
Refreshing native plugins compatible for Editor in 0.45 ms, found 3 plugins.
Preloading 0 native plugins for Editor in 0.00 ms.
Mono: successfully reloaded assembly
- Completed reload, in  1.035 seconds
Domain Reload Profiling:
	ReloadAssembly (1035ms)
		BeginReloadAssembly (100ms)
			ExecutionOrderSort (0ms)
			DisableScriptedObjects (5ms)
			BackupInstance (0ms)
			ReleaseScriptingObjects (0ms)
			CreateAndSetChildDomain (31ms)
		EndReloadAssembly (878ms)
			LoadAssemblies (83ms)
			RebuildTransferFunctionScriptingTraits (0ms)
			SetupTypeCache (263ms)
			ReleaseScriptCaches (1ms)
			RebuildScriptCaches (46ms)
			SetupLoadedEditorAssemblies (373ms)
				LogAssemblyErrors (0ms)
				InitializePlatformSupportModulesInManaged (6ms)
				SetLoadedEditorAssemblies (0ms)
				RefreshPlugins (1ms)
				BeforeProcessingInitializeOnLoad (88ms)
				ProcessInitializeOnLoadAttributes (266ms)
				ProcessInitializeOnLoadMethodAttributes (6ms)
				AfterProcessingInitializeOnLoad (6ms)
				EditorAssembliesLoaded (0ms)
			ExecutionOrderSort2 (0ms)
			AwakeInstancesAfterBackupRestoration (10ms)
Platform modules already initialized, skipping
Refreshing native plugins compatible for Editor in 0.55 ms, found 3 plugins.
Preloading 0 native plugins for Editor in 0.00 ms.
Unloading 2235 Unused Serialized files (Serialized files now loaded: 0)
System memory in use before: 101.3 MB.
System memory in use after: 101.5 MB.

Unloading 17 unused Assets to reduce memory usage. Loaded Objects now: 2751.
Total: 2.637800 ms (FindLiveObjects: 0.203100 ms CreateObjectMapping: 0.073100 ms MarkObjects: 2.343600 ms  DeleteObjects: 0.017200 ms)

AssetImportParameters requested are different than current active one (requested -> active):
  custom:framework-win-MediaFoundation: 216162199b28c13a410421893ffa2e32 -> 
  custom:video-decoder-ogg-theora: a1e56fd34408186e4bbccfd4996cb3dc -> 
  custom:container-muxer-webm: aa71ff27fc2769a1b78a27578f13a17b -> 
  custom:container-demuxer-webm: 4f35f7cbe854078d1ac9338744f61a02 -> 
  custom:container-demuxer-ogg: 62fdf1f143b41e24485cea50d1cbac27 -> 
  custom:video-encoder-webm-vp8: eb34c28f22e8b96e1ab97ce403110664 -> 
  custom:video-codec-MediaFoundation-h265: 746d11721c4dcdbdad8f713fa42b33f4 -> 
  custom:video-decoder-webm-vp8: 9c59270c3fd7afecdb556c50c9e8de78 -> 
  custom:audio-decoder-ogg-vorbis: bf7c407c2cedff20999df2af8eb42d56 -> 
  custom:audio-encoder-webm-vorbis: bf7c407c2cedff20999df2af8eb42d56 -> 
========================================================================
Received Import Request.
  Time since last request: 62.740685 seconds.
  path: Assets/Prefabs/weapons3.prefab
  artifactKey: Guid(0282487d63e33d241983ef27a7e201ed) Importer(815301076,1909f56bfc062723c751e8b465ee728b)
Start importing Assets/Prefabs/weapons3.prefab using Guid(0282487d63e33d241983ef27a7e201ed) Importer(815301076,1909f56bfc062723c751e8b465ee728b)  -> (artifact id: '027ca7ff68df5de0cb66156d49cb91bc') in 0.084330 seconds 
  Import took 0.089799 seconds .

========================================================================
Received Import Request.
  Time since last request: 2.313234 seconds.
  path: Assets/Prefabs/weapons3.prefab
  artifactKey: Guid(0282487d63e33d241983ef27a7e201ed) Importer(815301076,1909f56bfc062723c751e8b465ee728b)
Start importing Assets/Prefabs/weapons3.prefab using Guid(0282487d63e33d241983ef27a7e201ed) Importer(815301076,1909f56bfc062723c751e8b465ee728b)  -> (artifact id: 'af6cb3bbeb6938123a26192026c1e141') in 0.018266 seconds 
  Import took 0.022962 seconds .

========================================================================
Received Import Request.
  Time since last request: 5.694241 seconds.
  path: Assets/Prefabs/weapon2.prefab
  artifactKey: Guid(85a37c3cebe50a743b4b2ee0694d7534) Importer(815301076,1909f56bfc062723c751e8b465ee728b)
Start importing Assets/Prefabs/weapon2.prefab using Guid(85a37c3cebe50a743b4b2ee0694d7534) Importer(815301076,1909f56bfc062723c751e8b465ee728b)  -> (artifact id: '1e4acc439a0d2b6677e6a129b13381b4') in 0.023223 seconds 
  Import took 0.028065 seconds .

========================================================================
Received Import Request.
  Time since last request: 2.189497 seconds.
  path: Assets/Prefabs/weapon2.prefab
  artifactKey: Guid(85a37c3cebe50a743b4b2ee0694d7534) Importer(815301076,1909f56bfc062723c751e8b465ee728b)
Start importing Assets/Prefabs/weapon2.prefab using Guid(85a37c3cebe50a743b4b2ee0694d7534) Importer(815301076,1909f56bfc062723c751e8b465ee728b)  -> (artifact id: 'd0b9c925f6549bf0d2dadb49b6a44e91') in 0.021162 seconds 
  Import took 0.026345 seconds .

========================================================================
Received Prepare
Registering precompiled user dll's ...
Registered in 0.003782 seconds.
Begin MonoManager ReloadAssembly
Native extension for WindowsStandalone target not found
Native extension for WebGL target not found
Refreshing native plugins compatible for Editor in 0.44 ms, found 3 plugins.
Preloading 0 native plugins for Editor in 0.00 ms.
Mono: successfully reloaded assembly
- Completed reload, in  1.035 seconds
Domain Reload Profiling:
	ReloadAssembly (1035ms)
		BeginReloadAssembly (98ms)
			ExecutionOrderSort (0ms)
			DisableScriptedObjects (5ms)
			BackupInstance (0ms)
			ReleaseScriptingObjects (0ms)
			CreateAndSetChildDomain (31ms)
		EndReloadAssembly (880ms)
			LoadAssemblies (83ms)
			RebuildTransferFunctionScriptingTraits (0ms)
			SetupTypeCache (263ms)
			ReleaseScriptCaches (1ms)
			RebuildScriptCaches (42ms)
			SetupLoadedEditorAssemblies (375ms)
				LogAssemblyErrors (0ms)
				InitializePlatformSupportModulesInManaged (6ms)
				SetLoadedEditorAssemblies (0ms)
				RefreshPlugins (1ms)
				BeforeProcessingInitializeOnLoad (90ms)
				ProcessInitializeOnLoadAttributes (266ms)
				ProcessInitializeOnLoadMethodAttributes (5ms)
				AfterProcessingInitializeOnLoad (6ms)
				EditorAssembliesLoaded (0ms)
			ExecutionOrderSort2 (0ms)
			AwakeInstancesAfterBackupRestoration (10ms)
Platform modules already initialized, skipping
Refreshing native plugins compatible for Editor in 0.44 ms, found 3 plugins.
Preloading 0 native plugins for Editor in 0.00 ms.
Unloading 2235 Unused Serialized files (Serialized files now loaded: 0)
System memory in use before: 101.3 MB.
System memory in use after: 101.5 MB.

Unloading 17 unused Assets to reduce memory usage. Loaded Objects now: 2756.
Total: 3.082000 ms (FindLiveObjects: 0.245100 ms CreateObjectMapping: 0.149500 ms MarkObjects: 2.638400 ms  DeleteObjects: 0.047500 ms)

AssetImportParameters requested are different than current active one (requested -> active):
  custom:framework-win-MediaFoundation: 216162199b28c13a410421893ffa2e32 -> 
  custom:video-decoder-ogg-theora: a1e56fd34408186e4bbccfd4996cb3dc -> 
  custom:container-muxer-webm: aa71ff27fc2769a1b78a27578f13a17b -> 
  custom:container-demuxer-webm: 4f35f7cbe854078d1ac9338744f61a02 -> 
  custom:container-demuxer-ogg: 62fdf1f143b41e24485cea50d1cbac27 -> 
  custom:video-encoder-webm-vp8: eb34c28f22e8b96e1ab97ce403110664 -> 
  custom:video-codec-MediaFoundation-h265: 746d11721c4dcdbdad8f713fa42b33f4 -> 
  custom:video-decoder-webm-vp8: 9c59270c3fd7afecdb556c50c9e8de78 -> 
  custom:audio-decoder-ogg-vorbis: bf7c407c2cedff20999df2af8eb42d56 -> 
  custom:audio-encoder-webm-vorbis: bf7c407c2cedff20999df2af8eb42d56 -> 
========================================================================
Received Prepare
Registering precompiled user dll's ...
Registered in 0.004024 seconds.
Begin MonoManager ReloadAssembly
Native extension for WindowsStandalone target not found
Native extension for WebGL target not found
Refreshing native plugins compatible for Editor in 0.45 ms, found 3 plugins.
Preloading 0 native plugins for Editor in 0.00 ms.
Mono: successfully reloaded assembly
- Completed reload, in  1.019 seconds
Domain Reload Profiling:
	ReloadAssembly (1019ms)
		BeginReloadAssembly (98ms)
			ExecutionOrderSort (0ms)
			DisableScriptedObjects (6ms)
			BackupInstance (0ms)
			ReleaseScriptingObjects (0ms)
			CreateAndSetChildDomain (29ms)
		EndReloadAssembly (866ms)
			LoadAssemblies (80ms)
			RebuildTransferFunctionScriptingTraits (0ms)
			SetupTypeCache (269ms)
			ReleaseScriptCaches (1ms)
			RebuildScriptCaches (44ms)
			SetupLoadedEditorAssemblies (367ms)
				LogAssemblyErrors (0ms)
				InitializePlatformSupportModulesInManaged (7ms)
				SetLoadedEditorAssemblies (0ms)
				RefreshPlugins (1ms)
				BeforeProcessingInitializeOnLoad (88ms)
				ProcessInitializeOnLoadAttributes (260ms)
				ProcessInitializeOnLoadMethodAttributes (5ms)
				AfterProcessingInitializeOnLoad (6ms)
				EditorAssembliesLoaded (0ms)
			ExecutionOrderSort2 (0ms)
			AwakeInstancesAfterBackupRestoration (9ms)
Platform modules already initialized, skipping
Refreshing native plugins compatible for Editor in 0.54 ms, found 3 plugins.
Preloading 0 native plugins for Editor in 0.00 ms.
Unloading 2235 Unused Serialized files (Serialized files now loaded: 0)
System memory in use before: 101.2 MB.
System memory in use after: 101.4 MB.

Unloading 17 unused Assets to reduce memory usage. Loaded Objects now: 2760.
Total: 2.247900 ms (FindLiveObjects: 0.204300 ms CreateObjectMapping: 0.089700 ms MarkObjects: 1.938200 ms  DeleteObjects: 0.014800 ms)

AssetImportParameters requested are different than current active one (requested -> active):
  custom:framework-win-MediaFoundation: 216162199b28c13a410421893ffa2e32 -> 
  custom:video-decoder-ogg-theora: a1e56fd34408186e4bbccfd4996cb3dc -> 
  custom:container-muxer-webm: aa71ff27fc2769a1b78a27578f13a17b -> 
  custom:container-demuxer-webm: 4f35f7cbe854078d1ac9338744f61a02 -> 
  custom:container-demuxer-ogg: 62fdf1f143b41e24485cea50d1cbac27 -> 
  custom:video-encoder-webm-vp8: eb34c28f22e8b96e1ab97ce403110664 -> 
  custom:video-codec-MediaFoundation-h265: 746d11721c4dcdbdad8f713fa42b33f4 -> 
  custom:video-decoder-webm-vp8: 9c59270c3fd7afecdb556c50c9e8de78 -> 
  custom:audio-decoder-ogg-vorbis: bf7c407c2cedff20999df2af8eb42d56 -> 
  custom:audio-encoder-webm-vorbis: bf7c407c2cedff20999df2af8eb42d56 -> 
========================================================================
Received Prepare
Registering precompiled user dll's ...
Registered in 0.004004 seconds.
Begin MonoManager ReloadAssembly
Native extension for WindowsStandalone target not found
Native extension for WebGL target not found
Refreshing native plugins compatible for Editor in 0.45 ms, found 3 plugins.
Preloading 0 native plugins for Editor in 0.00 ms.
Mono: successfully reloaded assembly
- Completed reload, in  1.040 seconds
Domain Reload Profiling:
	ReloadAssembly (1041ms)
		BeginReloadAssembly (97ms)
			ExecutionOrderSort (0ms)
			DisableScriptedObjects (6ms)
			BackupInstance (0ms)
			ReleaseScriptingObjects (0ms)
			CreateAndSetChildDomain (30ms)
		EndReloadAssembly (882ms)
			LoadAssemblies (82ms)
			RebuildTransferFunctionScriptingTraits (0ms)
			SetupTypeCache (270ms)
			ReleaseScriptCaches (1ms)
			RebuildScriptCaches (44ms)
			SetupLoadedEditorAssemblies (372ms)
				LogAssemblyErrors (0ms)
				InitializePlatformSupportModulesInManaged (6ms)
				SetLoadedEditorAssemblies (0ms)
				RefreshPlugins (1ms)
				BeforeProcessingInitializeOnLoad (88ms)
				ProcessInitializeOnLoadAttributes (266ms)
				ProcessInitializeOnLoadMethodAttributes (5ms)
				AfterProcessingInitializeOnLoad (6ms)
				EditorAssembliesLoaded (0ms)
			ExecutionOrderSort2 (0ms)
			AwakeInstancesAfterBackupRestoration (9ms)
Platform modules already initialized, skipping
Refreshing native plugins compatible for Editor in 0.46 ms, found 3 plugins.
Preloading 0 native plugins for Editor in 0.00 ms.
Unloading 2235 Unused Serialized files (Serialized files now loaded: 0)
System memory in use before: 101.3 MB.
System memory in use after: 101.6 MB.

Unloading 17 unused Assets to reduce memory usage. Loaded Objects now: 2764.
Total: 3.346300 ms (FindLiveObjects: 0.210600 ms CreateObjectMapping: 0.102800 ms MarkObjects: 3.006200 ms  DeleteObjects: 0.025300 ms)

AssetImportParameters requested are different than current active one (requested -> active):
  custom:framework-win-MediaFoundation: 216162199b28c13a410421893ffa2e32 -> 
  custom:video-decoder-ogg-theora: a1e56fd34408186e4bbccfd4996cb3dc -> 
  custom:container-muxer-webm: aa71ff27fc2769a1b78a27578f13a17b -> 
  custom:container-demuxer-webm: 4f35f7cbe854078d1ac9338744f61a02 -> 
  custom:container-demuxer-ogg: 62fdf1f143b41e24485cea50d1cbac27 -> 
  custom:video-encoder-webm-vp8: eb34c28f22e8b96e1ab97ce403110664 -> 
  custom:video-codec-MediaFoundation-h265: 746d11721c4dcdbdad8f713fa42b33f4 -> 
  custom:video-decoder-webm-vp8: 9c59270c3fd7afecdb556c50c9e8de78 -> 
  custom:audio-decoder-ogg-vorbis: bf7c407c2cedff20999df2af8eb42d56 -> 
  custom:audio-encoder-webm-vorbis: bf7c407c2cedff20999df2af8eb42d56 -> 
AssetImportWorkerClient::OnTransportError - code=2 error=End of file
