Using pre-set license
Built from '2020.3/staging' branch; Version is '2020.3.3f1 (76626098c1c4) revision 7758432'; Using compiler version '192528614'; Build Type 'Release'
OS: 'Windows 10 Home; OS build 19042.985; Version 2009; 64bit' Language: 'en' Physical Memory: 3984 MB
BatchMode: 1, IsHumanControllingUs: 0, StartBugReporterOnCrash: 0, Is64bit: 1, IsPro: 0

 COMMAND LINE ARGUMENTS:
C:\Program Files\Unity\Hub\Editor\2020.3.3f1\Editor\Unity.exe
-adb2
-batchMode
-noUpm
-name
AssetImportWorker7
-projectPath
C:/Users/emanu/Desktop/PROGRAMACION/Game dev/Domestika Projects/topDown2D
-logFile
Logs/AssetImportWorker7.log
-srvPort
56890
Successfully changed project path to: C:/Users/emanu/Desktop/PROGRAMACION/Game dev/Domestika Projects/topDown2D
C:/Users/emanu/Desktop/PROGRAMACION/Game dev/Domestika Projects/topDown2D
Using Asset Import Pipeline V2.
Refreshing native plugins compatible for Editor in 236.06 ms, found 1 plugins.
Preloading 0 native plugins for Editor in 0.00 ms.
Initialize engine version: 2020.3.3f1 (76626098c1c4)
[Subsystems] Discovering subsystems at path C:/Program Files/Unity/Hub/Editor/2020.3.3f1/Editor/Data/Resources/UnitySubsystems
[Subsystems] Discovering subsystems at path C:/Users/emanu/Desktop/PROGRAMACION/Game dev/Domestika Projects/topDown2D/Assets
GfxDevice: creating device client; threaded=0
Direct3D:
    Version:  Direct3D 11.0 [level 11.0]
    Renderer: Intel(R) HD Graphics (ID=0xf31)
    Vendor:   
    VRAM:     128 MB
    Driver:   10.18.10.4252
Initialize mono
Mono path[0] = 'C:/Program Files/Unity/Hub/Editor/2020.3.3f1/Editor/Data/Managed'
Mono path[1] = 'C:/Program Files/Unity/Hub/Editor/2020.3.3f1/Editor/Data/MonoBleedingEdge/lib/mono/unityjit'
Mono config path = 'C:/Program Files/Unity/Hub/Editor/2020.3.3f1/Editor/Data/MonoBleedingEdge/etc'
Using monoOptions --debugger-agent=transport=dt_socket,embedding=1,server=y,suspend=n,address=127.0.0.1:56112
Begin MonoManager ReloadAssembly
Registering precompiled unity dll's ...
Register platform support module: C:/Program Files/Unity/Hub/Editor/2020.3.3f1/Editor/Data/PlaybackEngines/WebGLSupport/UnityEditor.WebGL.Extensions.dll
Register platform support module: C:/Program Files/Unity/Hub/Editor/2020.3.3f1/Editor/Data/PlaybackEngines/WindowsStandaloneSupport/UnityEditor.WindowsStandalone.Extensions.dll
Registered in 0.012473 seconds.
Native extension for WindowsStandalone target not found
Native extension for WebGL target not found
Refreshing native plugins compatible for Editor in 230.97 ms, found 1 plugins.
Preloading 0 native plugins for Editor in 0.00 ms.
Invoked RoslynAnalysisRunner static constructor.
RoslynAnalysisRunner will not be running.
RoslynAnalysisRunner has terminated.
Mono: successfully reloaded assembly
- Completed reload, in  6.956 seconds
Platform modules already initialized, skipping
Registering precompiled user dll's ...
Registered in 0.004099 seconds.
Begin MonoManager ReloadAssembly
Native extension for WindowsStandalone target not found
Native extension for WebGL target not found
Refreshing native plugins compatible for Editor in 166.84 ms, found 1 plugins.
Preloading 0 native plugins for Editor in 0.00 ms.
Invoked RoslynAnalysisRunner static constructor.
RoslynAnalysisRunner will not be running.
RoslynAnalysisRunner has terminated.
Mono: successfully reloaded assembly
- Completed reload, in  5.243 seconds
Platform modules already initialized, skipping
========================================================================
Worker process is ready to serve import requests
Launched and connected shader compiler UnityShaderCompiler.exe after 0.63 seconds
Refreshing native plugins compatible for Editor in 1.92 ms, found 1 plugins.
Preloading 0 native plugins for Editor in 0.00 ms.
Unloading 1962 Unused Serialized files (Serialized files now loaded: 0)
System memory in use before: 90.2 MB.
System memory in use after: 90.2 MB.

Unloading 25 unused Assets to reduce memory usage. Loaded Objects now: 2405.
Total: 184.561400 ms (FindLiveObjects: 0.971600 ms CreateObjectMapping: 0.448400 ms MarkObjects: 170.934700 ms  DeleteObjects: 12.197800 ms)

========================================================================
Received Import Request.
  path: Assets/Prefabs/RagedEnemy.prefab
  artifactKey: Guid(08f4525ab5e0e9248bf0877e00658c2b) Importer(815301076,1909f56bfc062723c751e8b465ee728b)
Start importing Assets/Prefabs/RagedEnemy.prefab using Guid(08f4525ab5e0e9248bf0877e00658c2b) Importer(815301076,1909f56bfc062723c751e8b465ee728b)  -> (artifact id: '41ec341a06b5c0c2df95485d579afdaa') in 3.594755 seconds
  Import took 3.777493 seconds .

========================================================================
Received Prepare
Registering precompiled user dll's ...
Registered in 0.035247 seconds.
Begin MonoManager ReloadAssembly
Native extension for WindowsStandalone target not found
Native extension for WebGL target not found
Refreshing native plugins compatible for Editor in 1.22 ms, found 1 plugins.
Preloading 0 native plugins for Editor in 0.00 ms.
Invoked RoslynAnalysisRunner static constructor.
RoslynAnalysisRunner will not be running.
RoslynAnalysisRunner has terminated.
Mono: successfully reloaded assembly
- Completed reload, in  4.614 seconds
Platform modules already initialized, skipping
Refreshing native plugins compatible for Editor in 4.80 ms, found 1 plugins.
Preloading 0 native plugins for Editor in 0.00 ms.
Unloading 1955 Unused Serialized files (Serialized files now loaded: 0)
System memory in use before: 93.2 MB.
System memory in use after: 93.1 MB.

Unloading 13 unused Assets to reduce memory usage. Loaded Objects now: 2416.
Total: 9.960600 ms (FindLiveObjects: 0.865300 ms CreateObjectMapping: 0.430800 ms MarkObjects: 8.330900 ms  DeleteObjects: 0.328800 ms)

========================================================================
Received Import Request.
  Time since last request: 134.950984 seconds.
  path: Assets/Prefabs/RagedEnemy.prefab
  artifactKey: Guid(08f4525ab5e0e9248bf0877e00658c2b) Importer(815301076,1909f56bfc062723c751e8b465ee728b)
Start importing Assets/Prefabs/RagedEnemy.prefab using Guid(08f4525ab5e0e9248bf0877e00658c2b) Importer(815301076,1909f56bfc062723c751e8b465ee728b)  -> (artifact id: '86d0a988f3c2a62d19acc940f27c78ab') in 0.311552 seconds
  Import took 0.332956 seconds .

========================================================================
Received Prepare
Registering precompiled user dll's ...
Registered in 0.158649 seconds.
Begin MonoManager ReloadAssembly
Native extension for WindowsStandalone target not found
Native extension for WebGL target not found
Refreshing native plugins compatible for Editor in 1.10 ms, found 1 plugins.
Preloading 0 native plugins for Editor in 0.00 ms.
Invoked RoslynAnalysisRunner static constructor.
RoslynAnalysisRunner will not be running.
RoslynAnalysisRunner has terminated.
Mono: successfully reloaded assembly
- Completed reload, in  5.200 seconds
Platform modules already initialized, skipping
Refreshing native plugins compatible for Editor in 1.43 ms, found 1 plugins.
Preloading 0 native plugins for Editor in 0.00 ms.
Unloading 1956 Unused Serialized files (Serialized files now loaded: 0)
System memory in use before: 93.2 MB.
System memory in use after: 93.2 MB.

Unloading 13 unused Assets to reduce memory usage. Loaded Objects now: 2422.
Total: 13.199200 ms (FindLiveObjects: 1.198500 ms CreateObjectMapping: 0.334200 ms MarkObjects: 6.591500 ms  DeleteObjects: 5.068900 ms)

========================================================================
Received Prepare
Registering precompiled user dll's ...
Registered in 0.004149 seconds.
Begin MonoManager ReloadAssembly
Native extension for WindowsStandalone target not found
Native extension for WebGL target not found
Refreshing native plugins compatible for Editor in 1.11 ms, found 1 plugins.
Preloading 0 native plugins for Editor in 0.00 ms.
Invoked RoslynAnalysisRunner static constructor.
RoslynAnalysisRunner will not be running.
RoslynAnalysisRunner has terminated.
Mono: successfully reloaded assembly
- Completed reload, in  3.689 seconds
Platform modules already initialized, skipping
Refreshing native plugins compatible for Editor in 1.18 ms, found 1 plugins.
Preloading 0 native plugins for Editor in 0.00 ms.
Unloading 1956 Unused Serialized files (Serialized files now loaded: 0)
System memory in use before: 93.2 MB.
System memory in use after: 93.2 MB.

Unloading 13 unused Assets to reduce memory usage. Loaded Objects now: 2426.
Total: 7.096800 ms (FindLiveObjects: 0.756600 ms CreateObjectMapping: 0.232600 ms MarkObjects: 5.767700 ms  DeleteObjects: 0.334300 ms)

========================================================================
Received Prepare
Registering precompiled user dll's ...
Registered in 0.134746 seconds.
Begin MonoManager ReloadAssembly
Native extension for WindowsStandalone target not found
Native extension for WebGL target not found
Refreshing native plugins compatible for Editor in 1.15 ms, found 1 plugins.
Preloading 0 native plugins for Editor in 0.00 ms.
Invoked RoslynAnalysisRunner static constructor.
RoslynAnalysisRunner will not be running.
RoslynAnalysisRunner has terminated.
Mono: successfully reloaded assembly
- Completed reload, in  4.029 seconds
Platform modules already initialized, skipping
Refreshing native plugins compatible for Editor in 1.31 ms, found 1 plugins.
Preloading 0 native plugins for Editor in 0.00 ms.
Unloading 1956 Unused Serialized files (Serialized files now loaded: 0)
System memory in use before: 93.3 MB.
System memory in use after: 93.2 MB.

Unloading 13 unused Assets to reduce memory usage. Loaded Objects now: 2430.
Total: 7.783700 ms (FindLiveObjects: 0.956300 ms CreateObjectMapping: 0.394700 ms MarkObjects: 6.097500 ms  DeleteObjects: 0.330900 ms)

========================================================================
Received Import Request.
  Time since last request: 1143.129378 seconds.
  path: Assets/Prefabs/EnemyBullet.prefab
  artifactKey: Guid(ecffafb1b7361ad4faaa182c91a780dd) Importer(815301076,1909f56bfc062723c751e8b465ee728b)
Start importing Assets/Prefabs/EnemyBullet.prefab using Guid(ecffafb1b7361ad4faaa182c91a780dd) Importer(815301076,1909f56bfc062723c751e8b465ee728b)  -> (artifact id: 'f514393e75cddb042d628a91b207c8f6') in 0.557988 seconds
  Import took 0.618409 seconds .

========================================================================
Received Import Request.
  Time since last request: 0.019242 seconds.
  path: Assets/Prefabs/EnemyBullet.prefab
  artifactKey: Guid(ecffafb1b7361ad4faaa182c91a780dd) Importer(815301076,1909f56bfc062723c751e8b465ee728b)
Start importing Assets/Prefabs/EnemyBullet.prefab using Guid(ecffafb1b7361ad4faaa182c91a780dd) Importer(815301076,1909f56bfc062723c751e8b465ee728b)  -> (artifact id: 'f514393e75cddb042d628a91b207c8f6') in 0.051801 seconds
  Import took 0.090317 seconds .

========================================================================
Received Prepare
Registering precompiled user dll's ...
Registered in 0.003757 seconds.
Begin MonoManager ReloadAssembly
Native extension for WindowsStandalone target not found
Native extension for WebGL target not found
Refreshing native plugins compatible for Editor in 1.18 ms, found 1 plugins.
Preloading 0 native plugins for Editor in 0.00 ms.
Invoked RoslynAnalysisRunner static constructor.
RoslynAnalysisRunner will not be running.
RoslynAnalysisRunner has terminated.
Mono: successfully reloaded assembly
- Completed reload, in  3.943 seconds
Platform modules already initialized, skipping
Refreshing native plugins compatible for Editor in 1.13 ms, found 1 plugins.
Preloading 0 native plugins for Editor in 0.00 ms.
Unloading 1956 Unused Serialized files (Serialized files now loaded: 0)
System memory in use before: 93.3 MB.
System memory in use after: 93.3 MB.

Unloading 13 unused Assets to reduce memory usage. Loaded Objects now: 2435.
Total: 7.662900 ms (FindLiveObjects: 0.674300 ms CreateObjectMapping: 0.220600 ms MarkObjects: 6.391400 ms  DeleteObjects: 0.370100 ms)

========================================================================
Received Prepare
Registering precompiled user dll's ...
Registered in 0.004216 seconds.
Begin MonoManager ReloadAssembly
Native extension for WindowsStandalone target not found
Native extension for WebGL target not found
Refreshing native plugins compatible for Editor in 1.10 ms, found 1 plugins.
Preloading 0 native plugins for Editor in 0.00 ms.
Invoked RoslynAnalysisRunner static constructor.
RoslynAnalysisRunner will not be running.
RoslynAnalysisRunner has terminated.
Mono: successfully reloaded assembly
- Completed reload, in  3.867 seconds
Platform modules already initialized, skipping
Refreshing native plugins compatible for Editor in 1.80 ms, found 1 plugins.
Preloading 0 native plugins for Editor in 0.00 ms.
Unloading 1956 Unused Serialized files (Serialized files now loaded: 0)
System memory in use before: 93.3 MB.
System memory in use after: 93.3 MB.

Unloading 13 unused Assets to reduce memory usage. Loaded Objects now: 2439.
Total: 6.968900 ms (FindLiveObjects: 0.673200 ms CreateObjectMapping: 0.220600 ms MarkObjects: 5.707700 ms  DeleteObjects: 0.362000 ms)

========================================================================
Received Prepare
Registering precompiled user dll's ...
Registered in 0.468888 seconds.
Begin MonoManager ReloadAssembly
Native extension for WindowsStandalone target not found
Native extension for WebGL target not found
Refreshing native plugins compatible for Editor in 1.11 ms, found 1 plugins.
Preloading 0 native plugins for Editor in 0.00 ms.
Invoked RoslynAnalysisRunner static constructor.
RoslynAnalysisRunner will not be running.
RoslynAnalysisRunner has terminated.
Mono: successfully reloaded assembly
- Completed reload, in 10.586 seconds
Platform modules already initialized, skipping
Refreshing native plugins compatible for Editor in 1.17 ms, found 1 plugins.
Preloading 0 native plugins for Editor in 0.00 ms.
Unloading 1956 Unused Serialized files (Serialized files now loaded: 0)
System memory in use before: 93.3 MB.
System memory in use after: 93.3 MB.

Unloading 13 unused Assets to reduce memory usage. Loaded Objects now: 2443.
Total: 83.796000 ms (FindLiveObjects: 1.586100 ms CreateObjectMapping: 0.369800 ms MarkObjects: 30.180700 ms  DeleteObjects: 51.650400 ms)

========================================================================
Received Import Request.
  Time since last request: 13503.602567 seconds.
  path: Assets/Prefabs/defautWeapon 1.prefab
  artifactKey: Guid(132cc6ced8065564fa44fb98060d34dd) Importer(815301076,1909f56bfc062723c751e8b465ee728b)
Start importing Assets/Prefabs/defautWeapon 1.prefab using Guid(132cc6ced8065564fa44fb98060d34dd) Importer(815301076,1909f56bfc062723c751e8b465ee728b)  -> (artifact id: 'c8c31976a004b7cb5ea6675c04eb8a2b') in 2.571138 seconds
  Import took 2.633213 seconds .

========================================================================
Received Import Request.
  Time since last request: 0.000622 seconds.
  path: Assets/Prefabs/Player.prefab
  artifactKey: Guid(2a9ef0be6fb7ab54fbeb62249b84ca0b) Importer(815301076,1909f56bfc062723c751e8b465ee728b)
Start importing Assets/Prefabs/Player.prefab using Guid(2a9ef0be6fb7ab54fbeb62249b84ca0b) Importer(815301076,1909f56bfc062723c751e8b465ee728b)  -> (artifact id: '53a6e2a813c0846703ecdea8e3127647') in 1.318604 seconds
  Import took 1.364407 seconds .

========================================================================
Received Prepare
Registering precompiled user dll's ...
Registered in 0.075866 seconds.
Begin MonoManager ReloadAssembly
Native extension for WindowsStandalone target not found
Native extension for WebGL target not found
Refreshing native plugins compatible for Editor in 1.10 ms, found 1 plugins.
Preloading 0 native plugins for Editor in 0.00 ms.
Invoked RoslynAnalysisRunner static constructor.
RoslynAnalysisRunner will not be running.
RoslynAnalysisRunner has terminated.
Mono: successfully reloaded assembly
- Completed reload, in  3.978 seconds
Platform modules already initialized, skipping
Refreshing native plugins compatible for Editor in 1.16 ms, found 1 plugins.
Preloading 0 native plugins for Editor in 0.00 ms.
Unloading 1956 Unused Serialized files (Serialized files now loaded: 0)
System memory in use before: 93.3 MB.
System memory in use after: 93.3 MB.

Unloading 13 unused Assets to reduce memory usage. Loaded Objects now: 2448.
Total: 6.949100 ms (FindLiveObjects: 0.698800 ms CreateObjectMapping: 0.235600 ms MarkObjects: 5.642400 ms  DeleteObjects: 0.368600 ms)

========================================================================
Received Prepare
Registering precompiled user dll's ...
Registered in 0.003753 seconds.
Begin MonoManager ReloadAssembly
Native extension for WindowsStandalone target not found
Native extension for WebGL target not found
Refreshing native plugins compatible for Editor in 1.11 ms, found 1 plugins.
Preloading 0 native plugins for Editor in 0.00 ms.
Invoked RoslynAnalysisRunner static constructor.
RoslynAnalysisRunner will not be running.
RoslynAnalysisRunner has terminated.
Mono: successfully reloaded assembly
- Completed reload, in  4.105 seconds
Platform modules already initialized, skipping
Refreshing native plugins compatible for Editor in 1.17 ms, found 1 plugins.
Preloading 0 native plugins for Editor in 0.00 ms.
Unloading 1956 Unused Serialized files (Serialized files now loaded: 0)
System memory in use before: 93.3 MB.
System memory in use after: 93.3 MB.

Unloading 13 unused Assets to reduce memory usage. Loaded Objects now: 2452.
Total: 8.608900 ms (FindLiveObjects: 0.819700 ms CreateObjectMapping: 0.290300 ms MarkObjects: 6.915900 ms  DeleteObjects: 0.576600 ms)

========================================================================
Received Prepare
Registering precompiled user dll's ...
Registered in 0.003714 seconds.
Begin MonoManager ReloadAssembly
Native extension for WindowsStandalone target not found
Native extension for WebGL target not found
Refreshing native plugins compatible for Editor in 1.20 ms, found 1 plugins.
Preloading 0 native plugins for Editor in 0.00 ms.
Invoked RoslynAnalysisRunner static constructor.
RoslynAnalysisRunner will not be running.
RoslynAnalysisRunner has terminated.
Mono: successfully reloaded assembly
- Completed reload, in  3.845 seconds
Platform modules already initialized, skipping
Refreshing native plugins compatible for Editor in 1.23 ms, found 1 plugins.
Preloading 0 native plugins for Editor in 0.00 ms.
Unloading 1956 Unused Serialized files (Serialized files now loaded: 0)
System memory in use before: 93.3 MB.
System memory in use after: 93.3 MB.

Unloading 13 unused Assets to reduce memory usage. Loaded Objects now: 2456.
Total: 8.064700 ms (FindLiveObjects: 0.991100 ms CreateObjectMapping: 0.384400 ms MarkObjects: 6.140200 ms  DeleteObjects: 0.542800 ms)

========================================================================
Received Prepare
Registering precompiled user dll's ...
Registered in 0.003716 seconds.
Begin MonoManager ReloadAssembly
Native extension for WindowsStandalone target not found
Native extension for WebGL target not found
Refreshing native plugins compatible for Editor in 1.13 ms, found 1 plugins.
Preloading 0 native plugins for Editor in 0.00 ms.
Invoked RoslynAnalysisRunner static constructor.
RoslynAnalysisRunner will not be running.
RoslynAnalysisRunner has terminated.
Mono: successfully reloaded assembly
- Completed reload, in  4.014 seconds
Platform modules already initialized, skipping
Refreshing native plugins compatible for Editor in 1.15 ms, found 1 plugins.
Preloading 0 native plugins for Editor in 0.00 ms.
Unloading 1956 Unused Serialized files (Serialized files now loaded: 0)
System memory in use before: 93.4 MB.
System memory in use after: 93.3 MB.

Unloading 13 unused Assets to reduce memory usage. Loaded Objects now: 2460.
Total: 8.071700 ms (FindLiveObjects: 0.692500 ms CreateObjectMapping: 0.235100 ms MarkObjects: 6.743900 ms  DeleteObjects: 0.395100 ms)

========================================================================
Received Import Request.
  Time since last request: 378.254655 seconds.
  path: Assets/Prefabs/RagedEnemy.prefab
  artifactKey: Guid(08f4525ab5e0e9248bf0877e00658c2b) Importer(815301076,1909f56bfc062723c751e8b465ee728b)
Start importing Assets/Prefabs/RagedEnemy.prefab using Guid(08f4525ab5e0e9248bf0877e00658c2b) Importer(815301076,1909f56bfc062723c751e8b465ee728b)  -> (artifact id: '4caa8a78fb0048eeee334e89b7454fe7') in 0.668218 seconds
  Import took 0.728353 seconds .

========================================================================
Received Import Request.
  Time since last request: 16.335050 seconds.
  path: Assets/Prefabs/RagedEnemy.prefab
  artifactKey: Guid(08f4525ab5e0e9248bf0877e00658c2b) Importer(815301076,1909f56bfc062723c751e8b465ee728b)
Start importing Assets/Prefabs/RagedEnemy.prefab using Guid(08f4525ab5e0e9248bf0877e00658c2b) Importer(815301076,1909f56bfc062723c751e8b465ee728b)  -> (artifact id: '1442db700826669112f30c01a4e53c27') in 0.092094 seconds
  Import took 0.122489 seconds .

========================================================================
Received Import Request.
  Time since last request: 0.018477 seconds.
  path: Assets/Prefabs/RagedEnemy.prefab
  artifactKey: Guid(08f4525ab5e0e9248bf0877e00658c2b) Importer(815301076,1909f56bfc062723c751e8b465ee728b)
Start importing Assets/Prefabs/RagedEnemy.prefab using Guid(08f4525ab5e0e9248bf0877e00658c2b) Importer(815301076,1909f56bfc062723c751e8b465ee728b)  -> (artifact id: '1442db700826669112f30c01a4e53c27') in 0.108833 seconds
  Import took 0.119873 seconds .

========================================================================
Received Prepare
Registering precompiled user dll's ...
Registered in 0.004699 seconds.
Begin MonoManager ReloadAssembly
Native extension for WindowsStandalone target not found
Native extension for WebGL target not found
Refreshing native plugins compatible for Editor in 1.11 ms, found 1 plugins.
Preloading 0 native plugins for Editor in 0.00 ms.
Invoked RoslynAnalysisRunner static constructor.
RoslynAnalysisRunner will not be running.
RoslynAnalysisRunner has terminated.
Mono: successfully reloaded assembly
- Completed reload, in  3.874 seconds
Platform modules already initialized, skipping
Refreshing native plugins compatible for Editor in 1.26 ms, found 1 plugins.
Preloading 0 native plugins for Editor in 0.00 ms.
Unloading 1956 Unused Serialized files (Serialized files now loaded: 0)
System memory in use before: 93.4 MB.
System memory in use after: 93.4 MB.

Unloading 13 unused Assets to reduce memory usage. Loaded Objects now: 2465.
Total: 7.085500 ms (FindLiveObjects: 0.654800 ms CreateObjectMapping: 0.197200 ms MarkObjects: 5.893000 ms  DeleteObjects: 0.335100 ms)

========================================================================
Received Prepare
Registering precompiled user dll's ...
Registered in 0.007992 seconds.
Begin MonoManager ReloadAssembly
Native extension for WindowsStandalone target not found
Native extension for WebGL target not found
Refreshing native plugins compatible for Editor in 1.38 ms, found 1 plugins.
Preloading 0 native plugins for Editor in 0.00 ms.
Invoked RoslynAnalysisRunner static constructor.
RoslynAnalysisRunner will not be running.
RoslynAnalysisRunner has terminated.
Mono: successfully reloaded assembly
- Completed reload, in  3.924 seconds
Platform modules already initialized, skipping
Refreshing native plugins compatible for Editor in 2.05 ms, found 1 plugins.
Preloading 0 native plugins for Editor in 0.00 ms.
Unloading 1956 Unused Serialized files (Serialized files now loaded: 0)
System memory in use before: 93.4 MB.
System memory in use after: 93.4 MB.

Unloading 13 unused Assets to reduce memory usage. Loaded Objects now: 2469.
Total: 6.772000 ms (FindLiveObjects: 0.720800 ms CreateObjectMapping: 0.208400 ms MarkObjects: 5.478000 ms  DeleteObjects: 0.360000 ms)

========================================================================
Received Import Request.
  Time since last request: 161.496252 seconds.
  path: Assets/Prefabs/RagedEnemy.prefab
  artifactKey: Guid(08f4525ab5e0e9248bf0877e00658c2b) Importer(815301076,1909f56bfc062723c751e8b465ee728b)
Start importing Assets/Prefabs/RagedEnemy.prefab using Guid(08f4525ab5e0e9248bf0877e00658c2b) Importer(815301076,1909f56bfc062723c751e8b465ee728b)  -> (artifact id: '76960a3f3a83438f66409ff3d2735bc3') in 0.319764 seconds
  Import took 0.359359 seconds .

========================================================================
Received Import Request.
  Time since last request: 27.774220 seconds.
  path: Assets/Prefabs/defaultProjectile.prefab
  artifactKey: Guid(3053b6ac19c14924284f37c4f44254c3) Importer(815301076,1909f56bfc062723c751e8b465ee728b)
Start importing Assets/Prefabs/defaultProjectile.prefab using Guid(3053b6ac19c14924284f37c4f44254c3) Importer(815301076,1909f56bfc062723c751e8b465ee728b)  -> (artifact id: '296654fdab465d8d044c1d58fd67748d') in 0.275081 seconds
  Import took 0.308548 seconds .

========================================================================
Received Prepare
Registering precompiled user dll's ...
Registered in 0.126312 seconds.
Begin MonoManager ReloadAssembly
Native extension for WindowsStandalone target not found
Native extension for WebGL target not found
Refreshing native plugins compatible for Editor in 1.12 ms, found 1 plugins.
Preloading 0 native plugins for Editor in 0.00 ms.
Invoked RoslynAnalysisRunner static constructor.
RoslynAnalysisRunner will not be running.
RoslynAnalysisRunner has terminated.
Mono: successfully reloaded assembly
- Completed reload, in 10.358 seconds
Platform modules already initialized, skipping
Refreshing native plugins compatible for Editor in 2.44 ms, found 1 plugins.
Preloading 0 native plugins for Editor in 0.00 ms.
Unloading 1956 Unused Serialized files (Serialized files now loaded: 0)
System memory in use before: 93.4 MB.
System memory in use after: 93.4 MB.

Unloading 13 unused Assets to reduce memory usage. Loaded Objects now: 2474.
Total: 10.646400 ms (FindLiveObjects: 0.932400 ms CreateObjectMapping: 0.420300 ms MarkObjects: 8.886600 ms  DeleteObjects: 0.401400 ms)

AssetImportWorkerClient::OnTransportError - code=2 error=End of file
